{"C:\\Users\\eliardo.marini_trade\\Desktop\\ProjetosPessoais\\brain-agriculture-service\\brain-agriculture-service\\src\\app.ts": {"path":"C:\\Users\\eliardo.marini_trade\\Desktop\\ProjetosPessoais\\brain-agriculture-service\\brain-agriculture-service\\src\\app.ts","statementMap":{"0":{"start":{"line":1,"column":0},"end":{"line":1,"column":26}},"1":{"start":{"line":2,"column":0},"end":{"line":2,"column":55}},"2":{"start":{"line":3,"column":0},"end":{"line":3,"column":35}},"3":{"start":{"line":4,"column":0},"end":{"line":4,"column":23}},"4":{"start":{"line":5,"column":0},"end":{"line":5,"column":30}},"5":{"start":{"line":7,"column":12},"end":{"line":7,"column":21}},"6":{"start":{"line":8,"column":0},"end":{"line":8,"column":24}},"7":{"start":{"line":10,"column":0},"end":{"line":10,"column":16}},"8":{"start":{"line":11,"column":0},"end":{"line":14,"column":3}},"9":{"start":{"line":16,"column":0},"end":{"line":16,"column":19}}},"fnMap":{},"branchMap":{},"s":{"0":2,"1":2,"2":2,"3":2,"4":2,"5":2,"6":2,"7":2,"8":2,"9":2},"f":{},"b":{}}
,"C:\\Users\\eliardo.marini_trade\\Desktop\\ProjetosPessoais\\brain-agriculture-service\\brain-agriculture-service\\src\\controller\\farm-controller.ts": {"path":"C:\\Users\\eliardo.marini_trade\\Desktop\\ProjetosPessoais\\brain-agriculture-service\\brain-agriculture-service\\src\\controller\\farm-controller.ts","statementMap":{"0":{"start":{"line":1,"column":0},"end":{"line":1,"column":null}},"1":{"start":{"line":15,"column":0},"end":{"line":15,"column":56}},"2":{"start":{"line":16,"column":0},"end":{"line":16,"column":65}},"3":{"start":{"line":17,"column":0},"end":{"line":17,"column":45}},"4":{"start":{"line":18,"column":0},"end":{"line":18,"column":54}},"5":{"start":{"line":19,"column":0},"end":{"line":19,"column":61}},"6":{"start":{"line":20,"column":0},"end":{"line":20,"column":42}},"7":{"start":{"line":21,"column":0},"end":{"line":21,"column":36}},"8":{"start":{"line":22,"column":0},"end":{"line":22,"column":27}},"9":{"start":{"line":23,"column":0},"end":{"line":23,"column":33}},"10":{"start":{"line":29,"column":7},"end":{"line":278,"column":null}},"11":{"start":{"line":32,"column":33},"end":{"line":32,"column":46}},"12":{"start":{"line":30,"column":12},"end":{"line":30,"column":41}},"13":{"start":{"line":46,"column":28},"end":{"line":46,"column":36}},"14":{"start":{"line":47,"column":8},"end":{"line":47,"column":73}},"15":{"start":{"line":48,"column":8},"end":{"line":64,"column":null}},"16":{"start":{"line":49,"column":30},"end":{"line":49,"column":77}},"17":{"start":{"line":50,"column":12},"end":{"line":50,"column":78}},"18":{"start":{"line":51,"column":12},"end":{"line":51,"column":28}},"19":{"start":{"line":52,"column":12},"end":{"line":52,"column":53}},"20":{"start":{"line":54,"column":12},"end":{"line":58,"column":14}},"21":{"start":{"line":59,"column":12},"end":{"line":59,"column":53}},"22":{"start":{"line":60,"column":12},"end":{"line":63,"column":14}},"23":{"start":{"line":84,"column":28},"end":{"line":84,"column":36}},"24":{"start":{"line":85,"column":8},"end":{"line":85,"column":71}},"25":{"start":{"line":86,"column":8},"end":{"line":111,"column":null}},"26":{"start":{"line":87,"column":12},"end":{"line":87,"column":75}},"27":{"start":{"line":88,"column":12},"end":{"line":88,"column":76}},"28":{"start":{"line":89,"column":42},"end":{"line":91,"column":null}},"29":{"start":{"line":93,"column":12},"end":{"line":93,"column":76}},"30":{"start":{"line":94,"column":12},"end":{"line":99,"column":14}},"31":{"start":{"line":101,"column":12},"end":{"line":107,"column":14}},"32":{"start":{"line":108,"column":12},"end":{"line":110,"column":14}},"33":{"start":{"line":124,"column":28},"end":{"line":124,"column":36}},"34":{"start":{"line":125,"column":8},"end":{"line":125,"column":74}},"35":{"start":{"line":126,"column":8},"end":{"line":141,"column":null}},"36":{"start":{"line":127,"column":32},"end":{"line":127,"column":75}},"37":{"start":{"line":128,"column":12},"end":{"line":128,"column":79}},"38":{"start":{"line":129,"column":12},"end":{"line":129,"column":55}},"39":{"start":{"line":131,"column":12},"end":{"line":137,"column":14}},"40":{"start":{"line":138,"column":12},"end":{"line":140,"column":14}},"41":{"start":{"line":154,"column":28},"end":{"line":154,"column":36}},"42":{"start":{"line":155,"column":8},"end":{"line":157,"column":10}},"43":{"start":{"line":158,"column":8},"end":{"line":177,"column":null}},"44":{"start":{"line":159,"column":32},"end":{"line":160,"column":null}},"45":{"start":{"line":162,"column":12},"end":{"line":164,"column":14}},"46":{"start":{"line":165,"column":12},"end":{"line":165,"column":55}},"47":{"start":{"line":167,"column":12},"end":{"line":173,"column":14}},"48":{"start":{"line":174,"column":12},"end":{"line":176,"column":14}},"49":{"start":{"line":189,"column":28},"end":{"line":189,"column":36}},"50":{"start":{"line":190,"column":8},"end":{"line":192,"column":null}},"51":{"start":{"line":191,"column":12},"end":{"line":191,"column":77}},"52":{"start":{"line":193,"column":8},"end":{"line":202,"column":null}},"53":{"start":{"line":194,"column":25},"end":{"line":194,"column":73}},"54":{"start":{"line":195,"column":12},"end":{"line":195,"column":48}},"55":{"start":{"line":197,"column":12},"end":{"line":197,"column":53}},"56":{"start":{"line":198,"column":12},"end":{"line":201,"column":14}},"57":{"start":{"line":218,"column":28},"end":{"line":218,"column":36}},"58":{"start":{"line":219,"column":8},"end":{"line":221,"column":10}},"59":{"start":{"line":223,"column":8},"end":{"line":242,"column":null}},"60":{"start":{"line":224,"column":25},"end":{"line":227,"column":null}},"61":{"start":{"line":229,"column":12},"end":{"line":231,"column":14}},"62":{"start":{"line":232,"column":12},"end":{"line":232,"column":48}},"63":{"start":{"line":234,"column":12},"end":{"line":236,"column":14}},"64":{"start":{"line":237,"column":12},"end":{"line":237,"column":53}},"65":{"start":{"line":238,"column":12},"end":{"line":241,"column":14}},"66":{"start":{"line":257,"column":28},"end":{"line":257,"column":36}},"67":{"start":{"line":258,"column":8},"end":{"line":260,"column":10}},"68":{"start":{"line":261,"column":8},"end":{"line":276,"column":null}},"69":{"start":{"line":262,"column":25},"end":{"line":262,"column":71}},"70":{"start":{"line":263,"column":12},"end":{"line":265,"column":14}},"71":{"start":{"line":266,"column":12},"end":{"line":266,"column":48}},"72":{"start":{"line":268,"column":12},"end":{"line":270,"column":14}},"73":{"start":{"line":271,"column":12},"end":{"line":271,"column":53}},"74":{"start":{"line":272,"column":12},"end":{"line":275,"column":14}},"75":{"start":{"line":42,"column":10},"end":{"line":65,"column":null}},"76":{"start":{"line":81,"column":10},"end":{"line":112,"column":null}},"77":{"start":{"line":121,"column":10},"end":{"line":142,"column":null}},"78":{"start":{"line":151,"column":10},"end":{"line":178,"column":null}},"79":{"start":{"line":188,"column":10},"end":{"line":203,"column":null}},"80":{"start":{"line":213,"column":10},"end":{"line":243,"column":null}},"81":{"start":{"line":253,"column":10},"end":{"line":277,"column":null}},"82":{"start":{"line":29,"column":13},"end":{"line":278,"column":null}},"83":{"start":{"line":29,"column":13},"end":{"line":29,"column":27}}},"fnMap":{"0":{"name":"(anonymous_4)","decl":{"start":{"line":32,"column":4},"end":{"line":32,"column":33}},"loc":{"start":{"line":32,"column":57},"end":{"line":32,"column":61}}},"1":{"name":"(anonymous_5)","decl":{"start":{"line":42,"column":4},"end":{"line":42,"column":9}},"loc":{"start":{"line":44,"column":23},"end":{"line":65,"column":5}}},"2":{"name":"(anonymous_6)","decl":{"start":{"line":81,"column":4},"end":{"line":81,"column":9}},"loc":{"start":{"line":82,"column":46},"end":{"line":112,"column":5}}},"3":{"name":"(anonymous_7)","decl":{"start":{"line":121,"column":4},"end":{"line":121,"column":9}},"loc":{"start":{"line":122,"column":23},"end":{"line":142,"column":5}}},"4":{"name":"(anonymous_8)","decl":{"start":{"line":151,"column":4},"end":{"line":151,"column":9}},"loc":{"start":{"line":152,"column":23},"end":{"line":178,"column":5}}},"5":{"name":"(anonymous_9)","decl":{"start":{"line":188,"column":4},"end":{"line":188,"column":9}},"loc":{"start":{"line":188,"column":59},"end":{"line":203,"column":5}}},"6":{"name":"(anonymous_10)","decl":{"start":{"line":213,"column":4},"end":{"line":213,"column":9}},"loc":{"start":{"line":216,"column":23},"end":{"line":243,"column":5}}},"7":{"name":"(anonymous_11)","decl":{"start":{"line":253,"column":4},"end":{"line":253,"column":9}},"loc":{"start":{"line":255,"column":23},"end":{"line":277,"column":5}}}},"branchMap":{"0":{"loc":{"start":{"line":59,"column":23},"end":{"line":59,"column":51}},"type":"binary-expr","locations":[{"start":{"line":59,"column":23},"end":{"line":59,"column":33}},{"start":{"line":59,"column":37},"end":{"line":59,"column":51}}]},"1":{"loc":{"start":{"line":61,"column":16},"end":{"line":61,"column":44}},"type":"binary-expr","locations":[{"start":{"line":61,"column":16},"end":{"line":61,"column":26}},{"start":{"line":61,"column":30},"end":{"line":61,"column":44}}]},"2":{"loc":{"start":{"line":87,"column":26},"end":{"line":87,"column":74}},"type":"cond-expr","locations":[{"start":{"line":87,"column":59},"end":{"line":87,"column":70}},{"start":{"line":87,"column":73},"end":{"line":87,"column":74}}]},"3":{"loc":{"start":{"line":87,"column":26},"end":{"line":87,"column":56}},"type":"binary-expr","locations":[{"start":{"line":87,"column":26},"end":{"line":87,"column":37}},{"start":{"line":87,"column":41},"end":{"line":87,"column":56}}]},"4":{"loc":{"start":{"line":88,"column":26},"end":{"line":88,"column":75}},"type":"cond-expr","locations":[{"start":{"line":88,"column":59},"end":{"line":88,"column":70}},{"start":{"line":88,"column":73},"end":{"line":88,"column":75}}]},"5":{"loc":{"start":{"line":88,"column":26},"end":{"line":88,"column":56}},"type":"binary-expr","locations":[{"start":{"line":88,"column":26},"end":{"line":88,"column":37}},{"start":{"line":88,"column":41},"end":{"line":88,"column":56}}]},"6":{"loc":{"start":{"line":190,"column":8},"end":{"line":192,"column":null}},"type":"if","locations":[{"start":{"line":190,"column":8},"end":{"line":192,"column":null}}]},"7":{"loc":{"start":{"line":197,"column":23},"end":{"line":197,"column":51}},"type":"binary-expr","locations":[{"start":{"line":197,"column":23},"end":{"line":197,"column":33}},{"start":{"line":197,"column":37},"end":{"line":197,"column":51}}]},"8":{"loc":{"start":{"line":199,"column":16},"end":{"line":199,"column":44}},"type":"binary-expr","locations":[{"start":{"line":199,"column":16},"end":{"line":199,"column":26}},{"start":{"line":199,"column":30},"end":{"line":199,"column":44}}]},"9":{"loc":{"start":{"line":237,"column":23},"end":{"line":237,"column":51}},"type":"binary-expr","locations":[{"start":{"line":237,"column":23},"end":{"line":237,"column":33}},{"start":{"line":237,"column":37},"end":{"line":237,"column":51}}]},"10":{"loc":{"start":{"line":239,"column":16},"end":{"line":239,"column":44}},"type":"binary-expr","locations":[{"start":{"line":239,"column":16},"end":{"line":239,"column":26}},{"start":{"line":239,"column":30},"end":{"line":239,"column":44}}]},"11":{"loc":{"start":{"line":271,"column":23},"end":{"line":271,"column":51}},"type":"binary-expr","locations":[{"start":{"line":271,"column":23},"end":{"line":271,"column":33}},{"start":{"line":271,"column":37},"end":{"line":271,"column":51}}]},"12":{"loc":{"start":{"line":273,"column":16},"end":{"line":273,"column":44}},"type":"binary-expr","locations":[{"start":{"line":273,"column":16},"end":{"line":273,"column":26}},{"start":{"line":273,"column":30},"end":{"line":273,"column":44}}]}},"s":{"0":2,"1":2,"2":2,"3":2,"4":2,"5":2,"6":2,"7":2,"8":2,"9":2,"10":2,"11":1,"12":1,"13":4,"14":4,"15":4,"16":4,"17":1,"18":1,"19":1,"20":3,"21":3,"22":3,"23":1,"24":1,"25":1,"26":1,"27":1,"28":1,"29":1,"30":1,"31":0,"32":0,"33":1,"34":1,"35":1,"36":1,"37":1,"38":1,"39":0,"40":0,"41":1,"42":1,"43":1,"44":1,"45":1,"46":1,"47":0,"48":0,"49":2,"50":2,"51":0,"52":2,"53":2,"54":1,"55":1,"56":1,"57":2,"58":2,"59":2,"60":2,"61":1,"62":1,"63":1,"64":1,"65":1,"66":2,"67":2,"68":2,"69":2,"70":1,"71":1,"72":1,"73":1,"74":1,"75":2,"76":2,"77":2,"78":2,"79":2,"80":2,"81":2,"82":2,"83":2},"f":{"0":1,"1":4,"2":1,"3":1,"4":1,"5":2,"6":2,"7":2},"b":{"0":[3,3],"1":[3,3],"2":[0,1],"3":[1,0],"4":[0,1],"5":[1,0],"6":[0],"7":[1,1],"8":[1,1],"9":[1,1],"10":[1,1],"11":[1,1],"12":[1,1]}}
,"C:\\Users\\eliardo.marini_trade\\Desktop\\ProjetosPessoais\\brain-agriculture-service\\brain-agriculture-service\\src\\controller\\farmer-controller.ts": {"path":"C:\\Users\\eliardo.marini_trade\\Desktop\\ProjetosPessoais\\brain-agriculture-service\\brain-agriculture-service\\src\\controller\\farmer-controller.ts","statementMap":{"0":{"start":{"line":1,"column":0},"end":{"line":1,"column":null}},"1":{"start":{"line":13,"column":0},"end":{"line":13,"column":58}},"2":{"start":{"line":14,"column":0},"end":{"line":14,"column":49}},"3":{"start":{"line":15,"column":0},"end":{"line":15,"column":56}},"4":{"start":{"line":16,"column":0},"end":{"line":16,"column":65}},"5":{"start":{"line":17,"column":0},"end":{"line":17,"column":65}},"6":{"start":{"line":18,"column":0},"end":{"line":18,"column":42}},"7":{"start":{"line":19,"column":0},"end":{"line":19,"column":36}},"8":{"start":{"line":20,"column":0},"end":{"line":20,"column":27}},"9":{"start":{"line":21,"column":0},"end":{"line":21,"column":33}},"10":{"start":{"line":25,"column":7},"end":{"line":205,"column":null}},"11":{"start":{"line":27,"column":25},"end":{"line":27,"column":40}},"12":{"start":{"line":26,"column":12},"end":{"line":26,"column":43}},"13":{"start":{"line":41,"column":28},"end":{"line":41,"column":36}},"14":{"start":{"line":42,"column":8},"end":{"line":42,"column":73}},"15":{"start":{"line":43,"column":8},"end":{"line":60,"column":null}},"16":{"start":{"line":44,"column":32},"end":{"line":46,"column":null}},"17":{"start":{"line":48,"column":12},"end":{"line":48,"column":78}},"18":{"start":{"line":49,"column":12},"end":{"line":49,"column":28}},"19":{"start":{"line":50,"column":12},"end":{"line":50,"column":55}},"20":{"start":{"line":52,"column":12},"end":{"line":54,"column":14}},"21":{"start":{"line":55,"column":12},"end":{"line":55,"column":53}},"22":{"start":{"line":56,"column":12},"end":{"line":59,"column":14}},"23":{"start":{"line":78,"column":28},"end":{"line":78,"column":36}},"24":{"start":{"line":79,"column":8},"end":{"line":79,"column":71}},"25":{"start":{"line":80,"column":8},"end":{"line":107,"column":null}},"26":{"start":{"line":81,"column":12},"end":{"line":81,"column":75}},"27":{"start":{"line":82,"column":12},"end":{"line":82,"column":76}},"28":{"start":{"line":83,"column":45},"end":{"line":85,"column":null}},"29":{"start":{"line":87,"column":12},"end":{"line":87,"column":76}},"30":{"start":{"line":88,"column":12},"end":{"line":93,"column":14}},"31":{"start":{"line":95,"column":12},"end":{"line":101,"column":14}},"32":{"start":{"line":102,"column":12},"end":{"line":102,"column":53}},"33":{"start":{"line":103,"column":12},"end":{"line":106,"column":14}},"34":{"start":{"line":119,"column":28},"end":{"line":119,"column":36}},"35":{"start":{"line":120,"column":8},"end":{"line":129,"column":null}},"36":{"start":{"line":121,"column":27},"end":{"line":121,"column":77}},"37":{"start":{"line":122,"column":12},"end":{"line":122,"column":50}},"38":{"start":{"line":124,"column":12},"end":{"line":124,"column":53}},"39":{"start":{"line":125,"column":12},"end":{"line":128,"column":14}},"40":{"start":{"line":145,"column":28},"end":{"line":145,"column":36}},"41":{"start":{"line":146,"column":8},"end":{"line":148,"column":10}},"42":{"start":{"line":150,"column":8},"end":{"line":169,"column":null}},"43":{"start":{"line":151,"column":27},"end":{"line":154,"column":null}},"44":{"start":{"line":156,"column":12},"end":{"line":158,"column":14}},"45":{"start":{"line":159,"column":12},"end":{"line":159,"column":50}},"46":{"start":{"line":161,"column":12},"end":{"line":163,"column":14}},"47":{"start":{"line":164,"column":12},"end":{"line":164,"column":53}},"48":{"start":{"line":165,"column":12},"end":{"line":168,"column":14}},"49":{"start":{"line":184,"column":28},"end":{"line":184,"column":36}},"50":{"start":{"line":185,"column":8},"end":{"line":187,"column":10}},"51":{"start":{"line":188,"column":8},"end":{"line":203,"column":null}},"52":{"start":{"line":189,"column":27},"end":{"line":189,"column":75}},"53":{"start":{"line":190,"column":12},"end":{"line":192,"column":14}},"54":{"start":{"line":193,"column":12},"end":{"line":193,"column":50}},"55":{"start":{"line":195,"column":12},"end":{"line":197,"column":14}},"56":{"start":{"line":198,"column":12},"end":{"line":198,"column":53}},"57":{"start":{"line":199,"column":12},"end":{"line":202,"column":14}},"58":{"start":{"line":37,"column":10},"end":{"line":61,"column":null}},"59":{"start":{"line":74,"column":10},"end":{"line":108,"column":null}},"60":{"start":{"line":118,"column":10},"end":{"line":130,"column":null}},"61":{"start":{"line":140,"column":10},"end":{"line":170,"column":null}},"62":{"start":{"line":180,"column":10},"end":{"line":204,"column":null}},"63":{"start":{"line":25,"column":13},"end":{"line":205,"column":null}},"64":{"start":{"line":25,"column":13},"end":{"line":25,"column":29}}},"fnMap":{"0":{"name":"(anonymous_4)","decl":{"start":{"line":27,"column":4},"end":{"line":27,"column":25}},"loc":{"start":{"line":27,"column":53},"end":{"line":27,"column":57}}},"1":{"name":"(anonymous_5)","decl":{"start":{"line":37,"column":4},"end":{"line":37,"column":9}},"loc":{"start":{"line":39,"column":23},"end":{"line":61,"column":5}}},"2":{"name":"(anonymous_6)","decl":{"start":{"line":74,"column":4},"end":{"line":74,"column":9}},"loc":{"start":{"line":76,"column":23},"end":{"line":108,"column":5}}},"3":{"name":"(anonymous_7)","decl":{"start":{"line":118,"column":4},"end":{"line":118,"column":9}},"loc":{"start":{"line":118,"column":60},"end":{"line":130,"column":5}}},"4":{"name":"(anonymous_8)","decl":{"start":{"line":140,"column":4},"end":{"line":140,"column":9}},"loc":{"start":{"line":143,"column":23},"end":{"line":170,"column":5}}},"5":{"name":"(anonymous_9)","decl":{"start":{"line":180,"column":4},"end":{"line":180,"column":9}},"loc":{"start":{"line":182,"column":23},"end":{"line":204,"column":5}}}},"branchMap":{"0":{"loc":{"start":{"line":55,"column":23},"end":{"line":55,"column":51}},"type":"binary-expr","locations":[{"start":{"line":55,"column":23},"end":{"line":55,"column":33}},{"start":{"line":55,"column":37},"end":{"line":55,"column":51}}]},"1":{"loc":{"start":{"line":57,"column":16},"end":{"line":57,"column":44}},"type":"binary-expr","locations":[{"start":{"line":57,"column":16},"end":{"line":57,"column":26}},{"start":{"line":57,"column":30},"end":{"line":57,"column":44}}]},"2":{"loc":{"start":{"line":81,"column":26},"end":{"line":81,"column":74}},"type":"cond-expr","locations":[{"start":{"line":81,"column":59},"end":{"line":81,"column":70}},{"start":{"line":81,"column":73},"end":{"line":81,"column":74}}]},"3":{"loc":{"start":{"line":81,"column":26},"end":{"line":81,"column":56}},"type":"binary-expr","locations":[{"start":{"line":81,"column":26},"end":{"line":81,"column":37}},{"start":{"line":81,"column":41},"end":{"line":81,"column":56}}]},"4":{"loc":{"start":{"line":82,"column":26},"end":{"line":82,"column":75}},"type":"cond-expr","locations":[{"start":{"line":82,"column":59},"end":{"line":82,"column":70}},{"start":{"line":82,"column":73},"end":{"line":82,"column":75}}]},"5":{"loc":{"start":{"line":82,"column":26},"end":{"line":82,"column":56}},"type":"binary-expr","locations":[{"start":{"line":82,"column":26},"end":{"line":82,"column":37}},{"start":{"line":82,"column":41},"end":{"line":82,"column":56}}]},"6":{"loc":{"start":{"line":102,"column":23},"end":{"line":102,"column":51}},"type":"binary-expr","locations":[{"start":{"line":102,"column":23},"end":{"line":102,"column":33}},{"start":{"line":102,"column":37},"end":{"line":102,"column":51}}]},"7":{"loc":{"start":{"line":104,"column":16},"end":{"line":104,"column":44}},"type":"binary-expr","locations":[{"start":{"line":104,"column":16},"end":{"line":104,"column":26}},{"start":{"line":104,"column":30},"end":{"line":104,"column":44}}]},"8":{"loc":{"start":{"line":124,"column":23},"end":{"line":124,"column":51}},"type":"binary-expr","locations":[{"start":{"line":124,"column":23},"end":{"line":124,"column":33}},{"start":{"line":124,"column":37},"end":{"line":124,"column":51}}]},"9":{"loc":{"start":{"line":126,"column":16},"end":{"line":126,"column":44}},"type":"binary-expr","locations":[{"start":{"line":126,"column":16},"end":{"line":126,"column":26}},{"start":{"line":126,"column":30},"end":{"line":126,"column":44}}]},"10":{"loc":{"start":{"line":164,"column":23},"end":{"line":164,"column":51}},"type":"binary-expr","locations":[{"start":{"line":164,"column":23},"end":{"line":164,"column":33}},{"start":{"line":164,"column":37},"end":{"line":164,"column":51}}]},"11":{"loc":{"start":{"line":166,"column":16},"end":{"line":166,"column":44}},"type":"binary-expr","locations":[{"start":{"line":166,"column":16},"end":{"line":166,"column":26}},{"start":{"line":166,"column":30},"end":{"line":166,"column":44}}]},"12":{"loc":{"start":{"line":198,"column":23},"end":{"line":198,"column":51}},"type":"binary-expr","locations":[{"start":{"line":198,"column":23},"end":{"line":198,"column":33}},{"start":{"line":198,"column":37},"end":{"line":198,"column":51}}]},"13":{"loc":{"start":{"line":200,"column":16},"end":{"line":200,"column":44}},"type":"binary-expr","locations":[{"start":{"line":200,"column":16},"end":{"line":200,"column":26}},{"start":{"line":200,"column":30},"end":{"line":200,"column":44}}]}},"s":{"0":2,"1":2,"2":2,"3":2,"4":2,"5":2,"6":2,"7":2,"8":2,"9":2,"10":2,"11":1,"12":1,"13":7,"14":7,"15":7,"16":7,"17":2,"18":2,"19":2,"20":5,"21":5,"22":5,"23":3,"24":3,"25":3,"26":3,"27":3,"28":3,"29":3,"30":3,"31":0,"32":0,"33":0,"34":2,"35":2,"36":2,"37":1,"38":1,"39":1,"40":3,"41":3,"42":3,"43":3,"44":2,"45":2,"46":1,"47":1,"48":1,"49":2,"50":2,"51":2,"52":2,"53":1,"54":1,"55":1,"56":1,"57":1,"58":2,"59":2,"60":2,"61":2,"62":2,"63":2,"64":2},"f":{"0":1,"1":7,"2":3,"3":2,"4":3,"5":2},"b":{"0":[5,5],"1":[5,5],"2":[0,3],"3":[3,0],"4":[0,3],"5":[3,0],"6":[0,0],"7":[0,0],"8":[1,1],"9":[1,1],"10":[1,1],"11":[1,1],"12":[1,1],"13":[1,1]}}
,"C:\\Users\\eliardo.marini_trade\\Desktop\\ProjetosPessoais\\brain-agriculture-service\\brain-agriculture-service\\src\\controller\\harvest-controller.ts": {"path":"C:\\Users\\eliardo.marini_trade\\Desktop\\ProjetosPessoais\\brain-agriculture-service\\brain-agriculture-service\\src\\controller\\harvest-controller.ts","statementMap":{"0":{"start":{"line":1,"column":0},"end":{"line":1,"column":null}},"1":{"start":{"line":13,"column":0},"end":{"line":13,"column":56}},"2":{"start":{"line":14,"column":0},"end":{"line":14,"column":65}},"3":{"start":{"line":15,"column":0},"end":{"line":15,"column":51}},"4":{"start":{"line":16,"column":0},"end":{"line":16,"column":60}},"5":{"start":{"line":17,"column":0},"end":{"line":17,"column":67}},"6":{"start":{"line":18,"column":0},"end":{"line":18,"column":42}},"7":{"start":{"line":19,"column":0},"end":{"line":19,"column":36}},"8":{"start":{"line":20,"column":0},"end":{"line":20,"column":33}},"9":{"start":{"line":24,"column":7},"end":{"line":197,"column":null}},"10":{"start":{"line":27,"column":33},"end":{"line":27,"column":49}},"11":{"start":{"line":25,"column":12},"end":{"line":25,"column":44}},"12":{"start":{"line":41,"column":28},"end":{"line":41,"column":36}},"13":{"start":{"line":42,"column":8},"end":{"line":42,"column":73}},"14":{"start":{"line":43,"column":8},"end":{"line":62,"column":null}},"15":{"start":{"line":44,"column":33},"end":{"line":46,"column":null}},"16":{"start":{"line":48,"column":12},"end":{"line":48,"column":78}},"17":{"start":{"line":49,"column":12},"end":{"line":49,"column":28}},"18":{"start":{"line":50,"column":12},"end":{"line":50,"column":56}},"19":{"start":{"line":52,"column":12},"end":{"line":56,"column":14}},"20":{"start":{"line":57,"column":12},"end":{"line":57,"column":53}},"21":{"start":{"line":58,"column":12},"end":{"line":61,"column":14}},"22":{"start":{"line":81,"column":28},"end":{"line":81,"column":36}},"23":{"start":{"line":82,"column":8},"end":{"line":82,"column":71}},"24":{"start":{"line":83,"column":8},"end":{"line":108,"column":null}},"25":{"start":{"line":84,"column":12},"end":{"line":84,"column":75}},"26":{"start":{"line":85,"column":12},"end":{"line":85,"column":76}},"27":{"start":{"line":86,"column":45},"end":{"line":88,"column":null}},"28":{"start":{"line":90,"column":12},"end":{"line":90,"column":76}},"29":{"start":{"line":91,"column":12},"end":{"line":96,"column":14}},"30":{"start":{"line":98,"column":12},"end":{"line":104,"column":14}},"31":{"start":{"line":105,"column":12},"end":{"line":107,"column":14}},"32":{"start":{"line":120,"column":28},"end":{"line":120,"column":36}},"33":{"start":{"line":121,"column":24},"end":{"line":121,"column":75}},"34":{"start":{"line":122,"column":8},"end":{"line":122,"column":47}},"35":{"start":{"line":137,"column":28},"end":{"line":137,"column":36}},"36":{"start":{"line":138,"column":8},"end":{"line":140,"column":10}},"37":{"start":{"line":142,"column":8},"end":{"line":161,"column":null}},"38":{"start":{"line":143,"column":28},"end":{"line":146,"column":null}},"39":{"start":{"line":148,"column":12},"end":{"line":150,"column":14}},"40":{"start":{"line":151,"column":12},"end":{"line":151,"column":51}},"41":{"start":{"line":153,"column":12},"end":{"line":155,"column":14}},"42":{"start":{"line":156,"column":12},"end":{"line":156,"column":53}},"43":{"start":{"line":157,"column":12},"end":{"line":160,"column":14}},"44":{"start":{"line":176,"column":28},"end":{"line":176,"column":36}},"45":{"start":{"line":177,"column":8},"end":{"line":179,"column":10}},"46":{"start":{"line":180,"column":8},"end":{"line":195,"column":null}},"47":{"start":{"line":181,"column":28},"end":{"line":181,"column":77}},"48":{"start":{"line":182,"column":12},"end":{"line":184,"column":14}},"49":{"start":{"line":185,"column":12},"end":{"line":185,"column":51}},"50":{"start":{"line":187,"column":12},"end":{"line":189,"column":14}},"51":{"start":{"line":190,"column":12},"end":{"line":190,"column":53}},"52":{"start":{"line":191,"column":12},"end":{"line":194,"column":14}},"53":{"start":{"line":37,"column":10},"end":{"line":63,"column":null}},"54":{"start":{"line":78,"column":10},"end":{"line":109,"column":null}},"55":{"start":{"line":119,"column":10},"end":{"line":123,"column":null}},"56":{"start":{"line":132,"column":10},"end":{"line":162,"column":null}},"57":{"start":{"line":172,"column":10},"end":{"line":196,"column":null}},"58":{"start":{"line":24,"column":13},"end":{"line":197,"column":null}},"59":{"start":{"line":24,"column":13},"end":{"line":24,"column":30}}},"fnMap":{"0":{"name":"(anonymous_4)","decl":{"start":{"line":27,"column":4},"end":{"line":27,"column":33}},"loc":{"start":{"line":27,"column":63},"end":{"line":27,"column":67}}},"1":{"name":"(anonymous_5)","decl":{"start":{"line":37,"column":4},"end":{"line":37,"column":9}},"loc":{"start":{"line":39,"column":23},"end":{"line":63,"column":5}}},"2":{"name":"(anonymous_6)","decl":{"start":{"line":78,"column":4},"end":{"line":78,"column":9}},"loc":{"start":{"line":79,"column":49},"end":{"line":109,"column":5}}},"3":{"name":"(anonymous_7)","decl":{"start":{"line":119,"column":4},"end":{"line":119,"column":9}},"loc":{"start":{"line":119,"column":42},"end":{"line":123,"column":5}}},"4":{"name":"(anonymous_8)","decl":{"start":{"line":132,"column":4},"end":{"line":132,"column":9}},"loc":{"start":{"line":135,"column":23},"end":{"line":162,"column":5}}},"5":{"name":"(anonymous_9)","decl":{"start":{"line":172,"column":4},"end":{"line":172,"column":9}},"loc":{"start":{"line":174,"column":23},"end":{"line":196,"column":5}}}},"branchMap":{"0":{"loc":{"start":{"line":57,"column":23},"end":{"line":57,"column":51}},"type":"binary-expr","locations":[{"start":{"line":57,"column":23},"end":{"line":57,"column":33}},{"start":{"line":57,"column":37},"end":{"line":57,"column":51}}]},"1":{"loc":{"start":{"line":59,"column":16},"end":{"line":59,"column":44}},"type":"binary-expr","locations":[{"start":{"line":59,"column":16},"end":{"line":59,"column":26}},{"start":{"line":59,"column":30},"end":{"line":59,"column":44}}]},"2":{"loc":{"start":{"line":84,"column":26},"end":{"line":84,"column":74}},"type":"cond-expr","locations":[{"start":{"line":84,"column":59},"end":{"line":84,"column":70}},{"start":{"line":84,"column":73},"end":{"line":84,"column":74}}]},"3":{"loc":{"start":{"line":84,"column":26},"end":{"line":84,"column":56}},"type":"binary-expr","locations":[{"start":{"line":84,"column":26},"end":{"line":84,"column":37}},{"start":{"line":84,"column":41},"end":{"line":84,"column":56}}]},"4":{"loc":{"start":{"line":85,"column":26},"end":{"line":85,"column":75}},"type":"cond-expr","locations":[{"start":{"line":85,"column":59},"end":{"line":85,"column":70}},{"start":{"line":85,"column":73},"end":{"line":85,"column":75}}]},"5":{"loc":{"start":{"line":85,"column":26},"end":{"line":85,"column":56}},"type":"binary-expr","locations":[{"start":{"line":85,"column":26},"end":{"line":85,"column":37}},{"start":{"line":85,"column":41},"end":{"line":85,"column":56}}]},"6":{"loc":{"start":{"line":156,"column":23},"end":{"line":156,"column":51}},"type":"binary-expr","locations":[{"start":{"line":156,"column":23},"end":{"line":156,"column":33}},{"start":{"line":156,"column":37},"end":{"line":156,"column":51}}]},"7":{"loc":{"start":{"line":158,"column":16},"end":{"line":158,"column":44}},"type":"binary-expr","locations":[{"start":{"line":158,"column":16},"end":{"line":158,"column":26}},{"start":{"line":158,"column":30},"end":{"line":158,"column":44}}]},"8":{"loc":{"start":{"line":190,"column":23},"end":{"line":190,"column":51}},"type":"binary-expr","locations":[{"start":{"line":190,"column":23},"end":{"line":190,"column":33}},{"start":{"line":190,"column":37},"end":{"line":190,"column":51}}]},"9":{"loc":{"start":{"line":192,"column":16},"end":{"line":192,"column":44}},"type":"binary-expr","locations":[{"start":{"line":192,"column":16},"end":{"line":192,"column":26}},{"start":{"line":192,"column":30},"end":{"line":192,"column":44}}]}},"s":{"0":2,"1":2,"2":2,"3":2,"4":2,"5":2,"6":2,"7":2,"8":2,"9":2,"10":0,"11":0,"12":0,"13":0,"14":0,"15":0,"16":0,"17":0,"18":0,"19":0,"20":0,"21":0,"22":0,"23":0,"24":0,"25":0,"26":0,"27":0,"28":0,"29":0,"30":0,"31":0,"32":0,"33":0,"34":0,"35":0,"36":0,"37":0,"38":0,"39":0,"40":0,"41":0,"42":0,"43":0,"44":0,"45":0,"46":0,"47":0,"48":0,"49":0,"50":0,"51":0,"52":0,"53":2,"54":2,"55":2,"56":2,"57":2,"58":2,"59":2},"f":{"0":0,"1":0,"2":0,"3":0,"4":0,"5":0},"b":{"0":[0,0],"1":[0,0],"2":[0,0],"3":[0,0],"4":[0,0],"5":[0,0],"6":[0,0],"7":[0,0],"8":[0,0],"9":[0,0]}}
,"C:\\Users\\eliardo.marini_trade\\Desktop\\ProjetosPessoais\\brain-agriculture-service\\brain-agriculture-service\\src\\database\\data-source.ts": {"path":"C:\\Users\\eliardo.marini_trade\\Desktop\\ProjetosPessoais\\brain-agriculture-service\\brain-agriculture-service\\src\\database\\data-source.ts","statementMap":{"0":{"start":{"line":1,"column":0},"end":{"line":1,"column":37}},"1":{"start":{"line":2,"column":0},"end":{"line":2,"column":35}},"2":{"start":{"line":3,"column":0},"end":{"line":3,"column":45}},"3":{"start":{"line":4,"column":0},"end":{"line":4,"column":49}},"4":{"start":{"line":5,"column":0},"end":{"line":5,"column":51}},"5":{"start":{"line":6,"column":0},"end":{"line":6,"column":98}},"6":{"start":{"line":7,"column":0},"end":{"line":7,"column":23}},"7":{"start":{"line":9,"column":13},"end":{"line":20,"column":3}},"8":{"start":{"line":22,"column":0},"end":{"line":22,"column":43}}},"fnMap":{},"branchMap":{},"s":{"0":2,"1":2,"2":2,"3":2,"4":2,"5":2,"6":2,"7":2,"8":2},"f":{},"b":{}}
,"C:\\Users\\eliardo.marini_trade\\Desktop\\ProjetosPessoais\\brain-agriculture-service\\brain-agriculture-service\\src\\database\\migrations\\1735519197062-InitialCreateTables.ts": {"path":"C:\\Users\\eliardo.marini_trade\\Desktop\\ProjetosPessoais\\brain-agriculture-service\\brain-agriculture-service\\src\\database\\migrations\\1735519197062-InitialCreateTables.ts","statementMap":{"0":{"start":{"line":1,"column":0},"end":{"line":1,"column":82}},"1":{"start":{"line":6,"column":4},"end":{"line":54,"column":6}},"2":{"start":{"line":56,"column":4},"end":{"line":130,"column":6}},"3":{"start":{"line":132,"column":4},"end":{"line":188,"column":6}},"4":{"start":{"line":193,"column":4},"end":{"line":193,"column":43}},"5":{"start":{"line":194,"column":4},"end":{"line":194,"column":40}},"6":{"start":{"line":195,"column":4},"end":{"line":195,"column":42}},"7":{"start":{"line":3,"column":0},"end":{"line":3,"column":13}}},"fnMap":{"0":{"name":"(anonymous_0)","decl":{"start":{"line":5,"column":9},"end":{"line":5,"column":14}},"loc":{"start":{"line":5,"column":42},"end":{"line":189,"column":3}}},"1":{"name":"(anonymous_1)","decl":{"start":{"line":191,"column":9},"end":{"line":191,"column":14}},"loc":{"start":{"line":191,"column":44},"end":{"line":196,"column":3}}}},"branchMap":{},"s":{"0":2,"1":0,"2":0,"3":0,"4":0,"5":0,"6":0,"7":2},"f":{"0":0,"1":0},"b":{}}
,"C:\\Users\\eliardo.marini_trade\\Desktop\\ProjetosPessoais\\brain-agriculture-service\\brain-agriculture-service\\src\\entity\\base-entity.ts": {"path":"C:\\Users\\eliardo.marini_trade\\Desktop\\ProjetosPessoais\\brain-agriculture-service\\brain-agriculture-service\\src\\entity\\base-entity.ts","statementMap":{"0":{"start":{"line":1,"column":0},"end":{"line":1,"column":null}},"1":{"start":{"line":9,"column":4},"end":{"line":12,"column":null}},"2":{"start":{"line":14,"column":4},"end":{"line":20,"column":null}},"3":{"start":{"line":22,"column":4},"end":{"line":28,"column":null}},"4":{"start":{"line":30,"column":4},"end":{"line":31,"column":null}},"5":{"start":{"line":8,"column":2},"end":{"line":8,"column":24}}},"fnMap":{},"branchMap":{},"s":{"0":2,"1":2,"2":2,"3":2,"4":2,"5":2},"f":{},"b":{}}
,"C:\\Users\\eliardo.marini_trade\\Desktop\\ProjetosPessoais\\brain-agriculture-service\\brain-agriculture-service\\src\\entity\\farm-entity.ts": {"path":"C:\\Users\\eliardo.marini_trade\\Desktop\\ProjetosPessoais\\brain-agriculture-service\\brain-agriculture-service\\src\\entity\\farm-entity.ts","statementMap":{"0":{"start":{"line":1,"column":0},"end":{"line":1,"column":75}},"1":{"start":{"line":2,"column":0},"end":{"line":2,"column":43}},"2":{"start":{"line":3,"column":0},"end":{"line":3,"column":43}},"3":{"start":{"line":4,"column":0},"end":{"line":4,"column":41}},"4":{"start":{"line":7,"column":7},"end":{"line":70,"column":null}},"5":{"start":{"line":8,"column":4},"end":{"line":9,"column":null}},"6":{"start":{"line":11,"column":4},"end":{"line":12,"column":null}},"7":{"start":{"line":14,"column":4},"end":{"line":15,"column":null}},"8":{"start":{"line":17,"column":4},"end":{"line":29,"column":null}},"9":{"start":{"line":24,"column":35},"end":{"line":24,"column":40}},"10":{"start":{"line":26,"column":16},"end":{"line":26,"column":58}},"11":{"start":{"line":31,"column":4},"end":{"line":43,"column":null}},"12":{"start":{"line":38,"column":35},"end":{"line":38,"column":40}},"13":{"start":{"line":40,"column":16},"end":{"line":40,"column":58}},"14":{"start":{"line":45,"column":4},"end":{"line":57,"column":null}},"15":{"start":{"line":52,"column":35},"end":{"line":52,"column":40}},"16":{"start":{"line":54,"column":16},"end":{"line":54,"column":58}},"17":{"start":{"line":59,"column":4},"end":{"line":65,"column":null}},"18":{"start":{"line":59,"column":21},"end":{"line":59,"column":28}},"19":{"start":{"line":59,"column":41},"end":{"line":59,"column":53}},"20":{"start":{"line":67,"column":4},"end":{"line":69,"column":null}},"21":{"start":{"line":67,"column":21},"end":{"line":67,"column":27}},"22":{"start":{"line":67,"column":39},"end":{"line":67,"column":51}},"23":{"start":{"line":7,"column":13},"end":{"line":70,"column":null}},"24":{"start":{"line":7,"column":13},"end":{"line":7,"column":17}}},"fnMap":{"0":{"name":"(anonymous_2)","decl":{"start":{"line":24,"column":16},"end":{"line":24,"column":17}},"loc":{"start":{"line":24,"column":35},"end":{"line":24,"column":40}}},"1":{"name":"(anonymous_3)","decl":{"start":{"line":25,"column":18},"end":{"line":25,"column":19}},"loc":{"start":{"line":26,"column":16},"end":{"line":26,"column":58}}},"2":{"name":"(anonymous_4)","decl":{"start":{"line":38,"column":16},"end":{"line":38,"column":17}},"loc":{"start":{"line":38,"column":35},"end":{"line":38,"column":40}}},"3":{"name":"(anonymous_5)","decl":{"start":{"line":39,"column":18},"end":{"line":39,"column":19}},"loc":{"start":{"line":40,"column":16},"end":{"line":40,"column":58}}},"4":{"name":"(anonymous_6)","decl":{"start":{"line":52,"column":16},"end":{"line":52,"column":17}},"loc":{"start":{"line":52,"column":35},"end":{"line":52,"column":40}}},"5":{"name":"(anonymous_7)","decl":{"start":{"line":53,"column":18},"end":{"line":53,"column":19}},"loc":{"start":{"line":54,"column":16},"end":{"line":54,"column":58}}},"6":{"name":"(anonymous_8)","decl":{"start":{"line":59,"column":15},"end":{"line":59,"column":18}},"loc":{"start":{"line":59,"column":21},"end":{"line":59,"column":28}}},"7":{"name":"(anonymous_9)","decl":{"start":{"line":59,"column":30},"end":{"line":59,"column":37}},"loc":{"start":{"line":59,"column":41},"end":{"line":59,"column":53}}},"8":{"name":"(anonymous_10)","decl":{"start":{"line":67,"column":15},"end":{"line":67,"column":18}},"loc":{"start":{"line":67,"column":21},"end":{"line":67,"column":27}}},"9":{"name":"(anonymous_11)","decl":{"start":{"line":67,"column":29},"end":{"line":67,"column":35}},"loc":{"start":{"line":67,"column":39},"end":{"line":67,"column":51}}}},"branchMap":{"0":{"loc":{"start":{"line":26,"column":16},"end":{"line":26,"column":58}},"type":"cond-expr","locations":[{"start":{"line":26,"column":33},"end":{"line":26,"column":46}},{"start":{"line":26,"column":49},"end":{"line":26,"column":58}}]},"1":{"loc":{"start":{"line":40,"column":16},"end":{"line":40,"column":58}},"type":"cond-expr","locations":[{"start":{"line":40,"column":33},"end":{"line":40,"column":46}},{"start":{"line":40,"column":49},"end":{"line":40,"column":58}}]},"2":{"loc":{"start":{"line":54,"column":16},"end":{"line":54,"column":58}},"type":"cond-expr","locations":[{"start":{"line":54,"column":33},"end":{"line":54,"column":46}},{"start":{"line":54,"column":49},"end":{"line":54,"column":58}}]}},"s":{"0":2,"1":2,"2":2,"3":2,"4":2,"5":2,"6":2,"7":2,"8":2,"9":11,"10":9,"11":2,"12":11,"13":9,"14":2,"15":11,"16":9,"17":2,"18":2,"19":2,"20":2,"21":2,"22":2,"23":2,"24":2},"f":{"0":11,"1":9,"2":11,"3":9,"4":11,"5":9,"6":2,"7":2,"8":2,"9":2},"b":{"0":[8,1],"1":[8,1],"2":[8,1]}}
,"C:\\Users\\eliardo.marini_trade\\Desktop\\ProjetosPessoais\\brain-agriculture-service\\brain-agriculture-service\\src\\entity\\farmer-entity.ts": {"path":"C:\\Users\\eliardo.marini_trade\\Desktop\\ProjetosPessoais\\brain-agriculture-service\\brain-agriculture-service\\src\\entity\\farmer-entity.ts","statementMap":{"0":{"start":{"line":1,"column":0},"end":{"line":1,"column":59}},"1":{"start":{"line":2,"column":0},"end":{"line":2,"column":43}},"2":{"start":{"line":3,"column":0},"end":{"line":3,"column":37}},"3":{"start":{"line":7,"column":7},"end":{"line":39,"column":null}},"4":{"start":{"line":8,"column":4},"end":{"line":9,"column":null}},"5":{"start":{"line":11,"column":4},"end":{"line":12,"column":null}},"6":{"start":{"line":14,"column":4},"end":{"line":23,"column":null}},"7":{"start":{"line":18,"column":35},"end":{"line":18,"column":40}},"8":{"start":{"line":20,"column":16},"end":{"line":20,"column":58}},"9":{"start":{"line":25,"column":4},"end":{"line":31,"column":null}},"10":{"start":{"line":33,"column":4},"end":{"line":38,"column":null}},"11":{"start":{"line":33,"column":21},"end":{"line":33,"column":25}},"12":{"start":{"line":33,"column":35},"end":{"line":33,"column":46}},"13":{"start":{"line":7,"column":13},"end":{"line":39,"column":null}},"14":{"start":{"line":7,"column":13},"end":{"line":7,"column":19}}},"fnMap":{"0":{"name":"(anonymous_2)","decl":{"start":{"line":18,"column":16},"end":{"line":18,"column":17}},"loc":{"start":{"line":18,"column":35},"end":{"line":18,"column":40}}},"1":{"name":"(anonymous_3)","decl":{"start":{"line":19,"column":18},"end":{"line":19,"column":19}},"loc":{"start":{"line":20,"column":16},"end":{"line":20,"column":58}}},"2":{"name":"(anonymous_4)","decl":{"start":{"line":33,"column":15},"end":{"line":33,"column":18}},"loc":{"start":{"line":33,"column":21},"end":{"line":33,"column":25}}},"3":{"name":"(anonymous_5)","decl":{"start":{"line":33,"column":27},"end":{"line":33,"column":31}},"loc":{"start":{"line":33,"column":35},"end":{"line":33,"column":46}}}},"branchMap":{"0":{"loc":{"start":{"line":20,"column":16},"end":{"line":20,"column":58}},"type":"cond-expr","locations":[{"start":{"line":20,"column":33},"end":{"line":20,"column":46}},{"start":{"line":20,"column":49},"end":{"line":20,"column":58}}]}},"s":{"0":2,"1":2,"2":2,"3":2,"4":2,"5":2,"6":2,"7":11,"8":13,"9":2,"10":2,"11":2,"12":2,"13":2,"14":2},"f":{"0":11,"1":13,"2":2,"3":2},"b":{"0":[12,1]}}
,"C:\\Users\\eliardo.marini_trade\\Desktop\\ProjetosPessoais\\brain-agriculture-service\\brain-agriculture-service\\src\\entity\\harvest-entity.ts": {"path":"C:\\Users\\eliardo.marini_trade\\Desktop\\ProjetosPessoais\\brain-agriculture-service\\brain-agriculture-service\\src\\entity\\harvest-entity.ts","statementMap":{"0":{"start":{"line":1,"column":0},"end":{"line":1,"column":64}},"1":{"start":{"line":2,"column":0},"end":{"line":2,"column":43}},"2":{"start":{"line":3,"column":0},"end":{"line":3,"column":37}},"3":{"start":{"line":6,"column":7},"end":{"line":19,"column":null}},"4":{"start":{"line":7,"column":4},"end":{"line":8,"column":null}},"5":{"start":{"line":10,"column":4},"end":{"line":11,"column":null}},"6":{"start":{"line":13,"column":4},"end":{"line":14,"column":null}},"7":{"start":{"line":16,"column":4},"end":{"line":18,"column":null}},"8":{"start":{"line":16,"column":21},"end":{"line":16,"column":25}},"9":{"start":{"line":16,"column":35},"end":{"line":16,"column":48}},"10":{"start":{"line":6,"column":13},"end":{"line":19,"column":null}},"11":{"start":{"line":6,"column":13},"end":{"line":6,"column":20}}},"fnMap":{"0":{"name":"(anonymous_2)","decl":{"start":{"line":16,"column":15},"end":{"line":16,"column":18}},"loc":{"start":{"line":16,"column":21},"end":{"line":16,"column":25}}},"1":{"name":"(anonymous_3)","decl":{"start":{"line":16,"column":27},"end":{"line":16,"column":31}},"loc":{"start":{"line":16,"column":35},"end":{"line":16,"column":48}}}},"branchMap":{},"s":{"0":2,"1":2,"2":2,"3":2,"4":2,"5":2,"6":2,"7":2,"8":2,"9":2,"10":2,"11":2},"f":{"0":2,"1":2},"b":{}}
,"C:\\Users\\eliardo.marini_trade\\Desktop\\ProjetosPessoais\\brain-agriculture-service\\brain-agriculture-service\\src\\entity\\enum\\document-type-enum.ts": {"path":"C:\\Users\\eliardo.marini_trade\\Desktop\\ProjetosPessoais\\brain-agriculture-service\\brain-agriculture-service\\src\\entity\\enum\\document-type-enum.ts","statementMap":{"0":{"start":{"line":1,"column":0},"end":{"line":1,"column":54}},"1":{"start":{"line":3,"column":0},"end":{"line":3,"column":null}},"2":{"start":{"line":4,"column":2},"end":{"line":4,"column":null}},"3":{"start":{"line":5,"column":2},"end":{"line":5,"column":null}},"4":{"start":{"line":8,"column":34},"end":{"line":21,"column":1}},"5":{"start":{"line":9,"column":13},"end":{"line":9,"column":17}},"6":{"start":{"line":10,"column":2},"end":{"line":12,"column":null}},"7":{"start":{"line":11,"column":4},"end":{"line":11,"column":48}},"8":{"start":{"line":13,"column":2},"end":{"line":20,"column":null}},"9":{"start":{"line":15,"column":6},"end":{"line":15,"column":34}},"10":{"start":{"line":17,"column":6},"end":{"line":17,"column":35}},"11":{"start":{"line":19,"column":6},"end":{"line":19,"column":66}},"12":{"start":{"line":8,"column":13},"end":{"line":8,"column":34}}},"fnMap":{"0":{"name":"(anonymous_0)","decl":{"start":{"line":3,"column":0},"end":{"line":3,"column":12}},"loc":{"start":{"line":3,"column":28},"end":{"line":6,"column":1}}},"1":{"name":"(anonymous_1)","decl":{"start":{"line":8,"column":34},"end":{"line":8,"column":35}},"loc":{"start":{"line":8,"column":66},"end":{"line":21,"column":1}}}},"branchMap":{"0":{"loc":{"start":{"line":3,"column":12},"end":{"line":3,"column":null}},"type":"binary-expr","locations":[{"start":{"line":3,"column":12},"end":{"line":3,"column":28}},{"start":{"line":3,"column":12},"end":{"line":3,"column":null}}]},"1":{"loc":{"start":{"line":10,"column":2},"end":{"line":12,"column":null}},"type":"if","locations":[{"start":{"line":10,"column":2},"end":{"line":12,"column":null}}]},"2":{"loc":{"start":{"line":13,"column":2},"end":{"line":20,"column":null}},"type":"switch","locations":[{"start":{"line":14,"column":4},"end":{"line":15,"column":34}},{"start":{"line":16,"column":4},"end":{"line":17,"column":35}},{"start":{"line":18,"column":4},"end":{"line":19,"column":66}}]}},"s":{"0":2,"1":2,"2":2,"3":2,"4":2,"5":3,"6":3,"7":3,"8":3,"9":1,"10":2,"11":0,"12":2},"f":{"0":2,"1":3},"b":{"0":[2,2],"1":[3],"2":[1,2,0]}}
,"C:\\Users\\eliardo.marini_trade\\Desktop\\ProjetosPessoais\\brain-agriculture-service\\brain-agriculture-service\\src\\model\\farm-filter-model.ts": {"path":"C:\\Users\\eliardo.marini_trade\\Desktop\\ProjetosPessoais\\brain-agriculture-service\\brain-agriculture-service\\src\\model\\farm-filter-model.ts","statementMap":{"0":{"start":{"line":1,"column":0},"end":{"line":1,"column":13}}},"fnMap":{},"branchMap":{},"s":{"0":2},"f":{},"b":{}}
,"C:\\Users\\eliardo.marini_trade\\Desktop\\ProjetosPessoais\\brain-agriculture-service\\brain-agriculture-service\\src\\model\\farmer-filter-model.ts": {"path":"C:\\Users\\eliardo.marini_trade\\Desktop\\ProjetosPessoais\\brain-agriculture-service\\brain-agriculture-service\\src\\model\\farmer-filter-model.ts","statementMap":{"0":{"start":{"line":1,"column":0},"end":{"line":1,"column":13}}},"fnMap":{},"branchMap":{},"s":{"0":2},"f":{},"b":{}}
,"C:\\Users\\eliardo.marini_trade\\Desktop\\ProjetosPessoais\\brain-agriculture-service\\brain-agriculture-service\\src\\model\\harvest-filter-model.ts": {"path":"C:\\Users\\eliardo.marini_trade\\Desktop\\ProjetosPessoais\\brain-agriculture-service\\brain-agriculture-service\\src\\model\\harvest-filter-model.ts","statementMap":{"0":{"start":{"line":1,"column":0},"end":{"line":1,"column":13}}},"fnMap":{},"branchMap":{},"s":{"0":2},"f":{},"b":{}}
,"C:\\Users\\eliardo.marini_trade\\Desktop\\ProjetosPessoais\\brain-agriculture-service\\brain-agriculture-service\\src\\model\\paging-result-model.ts": {"path":"C:\\Users\\eliardo.marini_trade\\Desktop\\ProjetosPessoais\\brain-agriculture-service\\brain-agriculture-service\\src\\model\\paging-result-model.ts","statementMap":{"0":{"start":{"line":8,"column":8},"end":{"line":8,"column":27}},"1":{"start":{"line":9,"column":8},"end":{"line":9,"column":37}},"2":{"start":{"line":10,"column":8},"end":{"line":10,"column":39}},"3":{"start":{"line":11,"column":8},"end":{"line":11,"column":27}},"4":{"start":{"line":1,"column":0},"end":{"line":1,"column":13}}},"fnMap":{"0":{"name":"(anonymous_0)","decl":{"start":{"line":2,"column":4},"end":{"line":2,"column":null}},"loc":{"start":{"line":6,"column":16},"end":{"line":12,"column":5}}}},"branchMap":{},"s":{"0":4,"1":4,"2":4,"3":4,"4":2},"f":{"0":4},"b":{}}
,"C:\\Users\\eliardo.marini_trade\\Desktop\\ProjetosPessoais\\brain-agriculture-service\\brain-agriculture-service\\src\\model\\response-model.ts": {"path":"C:\\Users\\eliardo.marini_trade\\Desktop\\ProjetosPessoais\\brain-agriculture-service\\brain-agriculture-service\\src\\model\\response-model.ts","statementMap":{"0":{"start":{"line":3,"column":8},"end":{"line":12,"column":null}},"1":{"start":{"line":4,"column":12},"end":{"line":4,"column":39}},"2":{"start":{"line":6,"column":12},"end":{"line":11,"column":null}},"3":{"start":{"line":7,"column":16},"end":{"line":7,"column":42}},"4":{"start":{"line":9,"column":16},"end":{"line":9,"column":33}},"5":{"start":{"line":10,"column":16},"end":{"line":10,"column":57}},"6":{"start":{"line":13,"column":8},"end":{"line":13,"column":29}},"7":{"start":{"line":1,"column":0},"end":{"line":1,"column":13}}},"fnMap":{"0":{"name":"(anonymous_0)","decl":{"start":{"line":2,"column":4},"end":{"line":2,"column":16}},"loc":{"start":{"line":2,"column":47},"end":{"line":14,"column":5}}}},"branchMap":{"0":{"loc":{"start":{"line":3,"column":8},"end":{"line":12,"column":null}},"type":"if","locations":[{"start":{"line":3,"column":8},"end":{"line":12,"column":null}},{"start":{"line":5,"column":15},"end":{"line":12,"column":null}}]},"1":{"loc":{"start":{"line":6,"column":12},"end":{"line":11,"column":null}},"type":"if","locations":[{"start":{"line":6,"column":12},"end":{"line":11,"column":null}},{"start":{"line":8,"column":19},"end":{"line":11,"column":null}}]}},"s":{"0":26,"1":12,"2":14,"3":0,"4":14,"5":14,"6":26,"7":2},"f":{"0":26},"b":{"0":[12,14],"1":[0,14]}}
,"C:\\Users\\eliardo.marini_trade\\Desktop\\ProjetosPessoais\\brain-agriculture-service\\brain-agriculture-service\\src\\service\\farm-service.ts": {"path":"C:\\Users\\eliardo.marini_trade\\Desktop\\ProjetosPessoais\\brain-agriculture-service\\brain-agriculture-service\\src\\service\\farm-service.ts","statementMap":{"0":{"start":{"line":2,"column":0},"end":{"line":2,"column":33}},"1":{"start":{"line":3,"column":0},"end":{"line":3,"column":69}},"2":{"start":{"line":4,"column":0},"end":{"line":4,"column":45}},"3":{"start":{"line":6,"column":0},"end":{"line":6,"column":49}},"4":{"start":{"line":7,"column":0},"end":{"line":7,"column":42}},"5":{"start":{"line":8,"column":0},"end":{"line":8,"column":56}},"6":{"start":{"line":13,"column":7},"end":{"line":199,"column":null}},"7":{"start":{"line":18,"column":25},"end":{"line":18,"column":40}},"8":{"start":{"line":14,"column":12},"end":{"line":14,"column":38}},"9":{"start":{"line":19,"column":8},"end":{"line":19,"column":64}},"10":{"start":{"line":23,"column":28},"end":{"line":23,"column":57}},"11":{"start":{"line":24,"column":8},"end":{"line":28,"column":null}},"12":{"start":{"line":25,"column":12},"end":{"line":27,"column":14}},"13":{"start":{"line":30,"column":8},"end":{"line":32,"column":null}},"14":{"start":{"line":31,"column":12},"end":{"line":31,"column":63}},"15":{"start":{"line":33,"column":23},"end":{"line":33,"column":78}},"16":{"start":{"line":34,"column":8},"end":{"line":41,"column":null}},"17":{"start":{"line":35,"column":12},"end":{"line":37,"column":14}},"18":{"start":{"line":38,"column":12},"end":{"line":40,"column":14}},"19":{"start":{"line":42,"column":23},"end":{"line":42,"column":57}},"20":{"start":{"line":43,"column":8},"end":{"line":43,"column":31}},"21":{"start":{"line":45,"column":8},"end":{"line":45,"column":48}},"22":{"start":{"line":49,"column":8},"end":{"line":51,"column":10}},"23":{"start":{"line":52,"column":21},"end":{"line":55,"column":10}},"24":{"start":{"line":56,"column":8},"end":{"line":58,"column":null}},"25":{"start":{"line":57,"column":12},"end":{"line":57,"column":75}},"26":{"start":{"line":59,"column":8},"end":{"line":59,"column":20}},"27":{"start":{"line":66,"column":31},"end":{"line":66,"column":33}},"28":{"start":{"line":68,"column":8},"end":{"line":68,"column":57}},"29":{"start":{"line":70,"column":8},"end":{"line":72,"column":null}},"30":{"start":{"line":71,"column":12},"end":{"line":71,"column":60}},"31":{"start":{"line":74,"column":8},"end":{"line":76,"column":null}},"32":{"start":{"line":75,"column":12},"end":{"line":75,"column":64}},"33":{"start":{"line":78,"column":8},"end":{"line":80,"column":null}},"34":{"start":{"line":79,"column":12},"end":{"line":79,"column":64}},"35":{"start":{"line":82,"column":8},"end":{"line":84,"column":null}},"36":{"start":{"line":83,"column":12},"end":{"line":83,"column":66}},"37":{"start":{"line":86,"column":8},"end":{"line":88,"column":null}},"38":{"start":{"line":87,"column":12},"end":{"line":87,"column":78}},"39":{"start":{"line":90,"column":21},"end":{"line":90,"column":52}},"40":{"start":{"line":92,"column":8},"end":{"line":96,"column":10}},"41":{"start":{"line":97,"column":8},"end":{"line":102,"column":11}},"42":{"start":{"line":106,"column":8},"end":{"line":106,"column":70}},"43":{"start":{"line":114,"column":21},"end":{"line":116,"column":10}},"44":{"start":{"line":117,"column":8},"end":{"line":119,"column":null}},"45":{"start":{"line":118,"column":12},"end":{"line":118,"column":75}},"46":{"start":{"line":121,"column":8},"end":{"line":128,"column":null}},"47":{"start":{"line":122,"column":32},"end":{"line":122,"column":63}},"48":{"start":{"line":123,"column":12},"end":{"line":127,"column":null}},"49":{"start":{"line":124,"column":16},"end":{"line":126,"column":18}},"50":{"start":{"line":130,"column":8},"end":{"line":130,"column":60}},"51":{"start":{"line":132,"column":8},"end":{"line":134,"column":10}},"52":{"start":{"line":135,"column":8},"end":{"line":135,"column":70}},"53":{"start":{"line":139,"column":21},"end":{"line":141,"column":10}},"54":{"start":{"line":142,"column":8},"end":{"line":144,"column":null}},"55":{"start":{"line":143,"column":12},"end":{"line":143,"column":75}},"56":{"start":{"line":145,"column":8},"end":{"line":145,"column":68}},"57":{"start":{"line":147,"column":8},"end":{"line":149,"column":10}},"58":{"start":{"line":150,"column":8},"end":{"line":150,"column":70}},"59":{"start":{"line":154,"column":8},"end":{"line":159,"column":null}},"60":{"start":{"line":158,"column":12},"end":{"line":158,"column":25}},"61":{"start":{"line":161,"column":8},"end":{"line":161,"column":20}},"62":{"start":{"line":165,"column":8},"end":{"line":165,"column":74}},"63":{"start":{"line":167,"column":23},"end":{"line":176,"column":24}},"64":{"start":{"line":177,"column":8},"end":{"line":177,"column":75}},"65":{"start":{"line":178,"column":8},"end":{"line":178,"column":48}},"66":{"start":{"line":182,"column":8},"end":{"line":182,"column":74}},"67":{"start":{"line":184,"column":23},"end":{"line":195,"column":25}},"68":{"start":{"line":196,"column":8},"end":{"line":196,"column":75}},"69":{"start":{"line":197,"column":8},"end":{"line":197,"column":22}},"70":{"start":{"line":13,"column":13},"end":{"line":199,"column":null}},"71":{"start":{"line":13,"column":13},"end":{"line":13,"column":24}}},"fnMap":{"0":{"name":"(anonymous_2)","decl":{"start":{"line":18,"column":4},"end":{"line":18,"column":25}},"loc":{"start":{"line":18,"column":53},"end":{"line":20,"column":5}}},"1":{"name":"(anonymous_3)","decl":{"start":{"line":22,"column":4},"end":{"line":22,"column":9}},"loc":{"start":{"line":22,"column":62},"end":{"line":46,"column":5}}},"2":{"name":"(anonymous_4)","decl":{"start":{"line":48,"column":4},"end":{"line":48,"column":9}},"loc":{"start":{"line":48,"column":54},"end":{"line":60,"column":5}}},"3":{"name":"(anonymous_5)","decl":{"start":{"line":62,"column":4},"end":{"line":62,"column":9}},"loc":{"start":{"line":64,"column":27},"end":{"line":103,"column":5}}},"4":{"name":"(anonymous_6)","decl":{"start":{"line":105,"column":4},"end":{"line":105,"column":9}},"loc":{"start":{"line":105,"column":37},"end":{"line":107,"column":5}}},"5":{"name":"(anonymous_7)","decl":{"start":{"line":109,"column":4},"end":{"line":109,"column":9}},"loc":{"start":{"line":112,"column":27},"end":{"line":136,"column":5}}},"6":{"name":"(anonymous_8)","decl":{"start":{"line":138,"column":4},"end":{"line":138,"column":9}},"loc":{"start":{"line":138,"column":52},"end":{"line":151,"column":5}}},"7":{"name":"(anonymous_9)","decl":{"start":{"line":153,"column":4},"end":{"line":153,"column":19}},"loc":{"start":{"line":153,"column":44},"end":{"line":162,"column":5}}},"8":{"name":"(anonymous_10)","decl":{"start":{"line":164,"column":4},"end":{"line":164,"column":9}},"loc":{"start":{"line":164,"column":37},"end":{"line":179,"column":5}}},"9":{"name":"(anonymous_11)","decl":{"start":{"line":181,"column":4},"end":{"line":181,"column":9}},"loc":{"start":{"line":181,"column":44},"end":{"line":198,"column":5}}}},"branchMap":{"0":{"loc":{"start":{"line":24,"column":8},"end":{"line":28,"column":null}},"type":"if","locations":[{"start":{"line":24,"column":8},"end":{"line":28,"column":null}}]},"1":{"loc":{"start":{"line":30,"column":8},"end":{"line":32,"column":null}},"type":"if","locations":[{"start":{"line":30,"column":8},"end":{"line":32,"column":null}}]},"2":{"loc":{"start":{"line":34,"column":8},"end":{"line":41,"column":null}},"type":"if","locations":[{"start":{"line":34,"column":8},"end":{"line":41,"column":null}}]},"3":{"loc":{"start":{"line":56,"column":8},"end":{"line":58,"column":null}},"type":"if","locations":[{"start":{"line":56,"column":8},"end":{"line":58,"column":null}}]},"4":{"loc":{"start":{"line":70,"column":8},"end":{"line":72,"column":null}},"type":"if","locations":[{"start":{"line":70,"column":8},"end":{"line":72,"column":null}}]},"5":{"loc":{"start":{"line":74,"column":8},"end":{"line":76,"column":null}},"type":"if","locations":[{"start":{"line":74,"column":8},"end":{"line":76,"column":null}}]},"6":{"loc":{"start":{"line":78,"column":8},"end":{"line":80,"column":null}},"type":"if","locations":[{"start":{"line":78,"column":8},"end":{"line":80,"column":null}}]},"7":{"loc":{"start":{"line":82,"column":8},"end":{"line":84,"column":null}},"type":"if","locations":[{"start":{"line":82,"column":8},"end":{"line":84,"column":null}}]},"8":{"loc":{"start":{"line":86,"column":8},"end":{"line":88,"column":null}},"type":"if","locations":[{"start":{"line":86,"column":8},"end":{"line":88,"column":null}}]},"9":{"loc":{"start":{"line":117,"column":8},"end":{"line":119,"column":null}},"type":"if","locations":[{"start":{"line":117,"column":8},"end":{"line":119,"column":null}}]},"10":{"loc":{"start":{"line":121,"column":8},"end":{"line":128,"column":null}},"type":"if","locations":[{"start":{"line":121,"column":8},"end":{"line":128,"column":null}}]},"11":{"loc":{"start":{"line":121,"column":11},"end":{"line":121,"column":98}},"type":"binary-expr","locations":[{"start":{"line":121,"column":11},"end":{"line":121,"column":30}},{"start":{"line":121,"column":34},"end":{"line":121,"column":63}},{"start":{"line":121,"column":67},"end":{"line":121,"column":98}}]},"12":{"loc":{"start":{"line":123,"column":12},"end":{"line":127,"column":null}},"type":"if","locations":[{"start":{"line":123,"column":12},"end":{"line":127,"column":null}}]},"13":{"loc":{"start":{"line":142,"column":8},"end":{"line":144,"column":null}},"type":"if","locations":[{"start":{"line":142,"column":8},"end":{"line":144,"column":null}}]},"14":{"loc":{"start":{"line":154,"column":8},"end":{"line":159,"column":null}},"type":"if","locations":[{"start":{"line":154,"column":8},"end":{"line":159,"column":null}}]}},"s":{"0":2,"1":2,"2":2,"3":2,"4":2,"5":2,"6":2,"7":1,"8":1,"9":1,"10":4,"11":4,"12":1,"13":3,"14":1,"15":2,"16":2,"17":1,"18":1,"19":1,"20":1,"21":1,"22":2,"23":2,"24":2,"25":1,"26":1,"27":1,"28":1,"29":1,"30":0,"31":1,"32":0,"33":1,"34":0,"35":1,"36":0,"37":1,"38":0,"39":1,"40":1,"41":1,"42":0,"43":2,"44":2,"45":0,"46":2,"47":2,"48":2,"49":1,"50":1,"51":1,"52":1,"53":2,"54":2,"55":1,"56":1,"57":1,"58":1,"59":6,"60":2,"61":4,"62":1,"63":1,"64":1,"65":1,"66":1,"67":1,"68":1,"69":1,"70":2,"71":2},"f":{"0":1,"1":4,"2":2,"3":1,"4":0,"5":2,"6":2,"7":6,"8":1,"9":1},"b":{"0":[1],"1":[1],"2":[1],"3":[1],"4":[0],"5":[0],"6":[0],"7":[0],"8":[0],"9":[0],"10":[2],"11":[2,0,0],"12":[1],"13":[1],"14":[2]}}
,"C:\\Users\\eliardo.marini_trade\\Desktop\\ProjetosPessoais\\brain-agriculture-service\\brain-agriculture-service\\src\\service\\farmer-service.ts": {"path":"C:\\Users\\eliardo.marini_trade\\Desktop\\ProjetosPessoais\\brain-agriculture-service\\brain-agriculture-service\\src\\service\\farmer-service.ts","statementMap":{"0":{"start":{"line":2,"column":0},"end":{"line":2,"column":49}},"1":{"start":{"line":3,"column":0},"end":{"line":3,"column":33}},"2":{"start":{"line":4,"column":0},"end":{"line":4,"column":56}},"3":{"start":{"line":5,"column":0},"end":{"line":5,"column":69}},"4":{"start":{"line":6,"column":0},"end":{"line":6,"column":null}},"5":{"start":{"line":11,"column":0},"end":{"line":11,"column":42}},"6":{"start":{"line":14,"column":7},"end":{"line":215,"column":null}},"7":{"start":{"line":15,"column":12},"end":{"line":15,"column":40}},"8":{"start":{"line":19,"column":8},"end":{"line":19,"column":68}},"9":{"start":{"line":22,"column":8},"end":{"line":24,"column":null}},"10":{"start":{"line":23,"column":12},"end":{"line":23,"column":66}},"11":{"start":{"line":26,"column":8},"end":{"line":28,"column":null}},"12":{"start":{"line":27,"column":12},"end":{"line":27,"column":70}},"13":{"start":{"line":30,"column":8},"end":{"line":30,"column":63}},"14":{"start":{"line":32,"column":28},"end":{"line":32,"column":77}},"15":{"start":{"line":33,"column":8},"end":{"line":37,"column":null}},"16":{"start":{"line":34,"column":12},"end":{"line":36,"column":14}},"17":{"start":{"line":39,"column":8},"end":{"line":43,"column":null}},"18":{"start":{"line":40,"column":12},"end":{"line":42,"column":14}},"19":{"start":{"line":45,"column":23},"end":{"line":45,"column":59}},"20":{"start":{"line":46,"column":33},"end":{"line":46,"column":79}},"21":{"start":{"line":48,"column":8},"end":{"line":59,"column":null}},"22":{"start":{"line":52,"column":12},"end":{"line":52,"column":51}},"23":{"start":{"line":53,"column":12},"end":{"line":54,"column":71}},"24":{"start":{"line":56,"column":12},"end":{"line":58,"column":14}},"25":{"start":{"line":61,"column":8},"end":{"line":63,"column":10}},"26":{"start":{"line":64,"column":8},"end":{"line":64,"column":50}},"27":{"start":{"line":68,"column":8},"end":{"line":70,"column":10}},"28":{"start":{"line":71,"column":23},"end":{"line":74,"column":10}},"29":{"start":{"line":75,"column":8},"end":{"line":77,"column":null}},"30":{"start":{"line":76,"column":12},"end":{"line":76,"column":79}},"31":{"start":{"line":78,"column":8},"end":{"line":78,"column":22}},"32":{"start":{"line":82,"column":8},"end":{"line":86,"column":null}},"33":{"start":{"line":83,"column":12},"end":{"line":83,"column":86}},"34":{"start":{"line":85,"column":12},"end":{"line":85,"column":79}},"35":{"start":{"line":93,"column":31},"end":{"line":93,"column":33}},"36":{"start":{"line":95,"column":8},"end":{"line":95,"column":57}},"37":{"start":{"line":97,"column":8},"end":{"line":99,"column":null}},"38":{"start":{"line":98,"column":12},"end":{"line":98,"column":60}},"39":{"start":{"line":101,"column":8},"end":{"line":103,"column":null}},"40":{"start":{"line":102,"column":12},"end":{"line":102,"column":64}},"41":{"start":{"line":105,"column":8},"end":{"line":108,"column":null}},"42":{"start":{"line":106,"column":34},"end":{"line":106,"column":68}},"43":{"start":{"line":107,"column":12},"end":{"line":107,"column":70}},"44":{"start":{"line":110,"column":8},"end":{"line":114,"column":10}},"45":{"start":{"line":116,"column":21},"end":{"line":116,"column":52}},"46":{"start":{"line":117,"column":8},"end":{"line":121,"column":11}},"47":{"start":{"line":129,"column":23},"end":{"line":131,"column":10}},"48":{"start":{"line":132,"column":8},"end":{"line":134,"column":null}},"49":{"start":{"line":133,"column":12},"end":{"line":133,"column":79}},"50":{"start":{"line":136,"column":31},"end":{"line":136,"column":71}},"51":{"start":{"line":138,"column":8},"end":{"line":156,"column":null}},"52":{"start":{"line":139,"column":12},"end":{"line":139,"column":75}},"53":{"start":{"line":140,"column":37},"end":{"line":141,"column":null}},"54":{"start":{"line":144,"column":12},"end":{"line":155,"column":null}},"55":{"start":{"line":148,"column":16},"end":{"line":148,"column":63}},"56":{"start":{"line":149,"column":16},"end":{"line":150,"column":75}},"57":{"start":{"line":152,"column":16},"end":{"line":154,"column":18}},"58":{"start":{"line":158,"column":8},"end":{"line":162,"column":null}},"59":{"start":{"line":159,"column":12},"end":{"line":161,"column":14}},"60":{"start":{"line":164,"column":8},"end":{"line":164,"column":69}},"61":{"start":{"line":166,"column":8},"end":{"line":168,"column":10}},"62":{"start":{"line":169,"column":8},"end":{"line":169,"column":74}},"63":{"start":{"line":173,"column":23},"end":{"line":175,"column":10}},"64":{"start":{"line":176,"column":8},"end":{"line":178,"column":null}},"65":{"start":{"line":177,"column":12},"end":{"line":177,"column":79}},"66":{"start":{"line":179,"column":8},"end":{"line":179,"column":72}},"67":{"start":{"line":181,"column":8},"end":{"line":183,"column":10}},"68":{"start":{"line":184,"column":8},"end":{"line":184,"column":74}},"69":{"start":{"line":188,"column":22},"end":{"line":188,"column":68}},"70":{"start":{"line":189,"column":8},"end":{"line":189,"column":32}},"71":{"start":{"line":195,"column":8},"end":{"line":201,"column":null}},"72":{"start":{"line":196,"column":12},"end":{"line":196,"column":40}},"73":{"start":{"line":197,"column":15},"end":{"line":201,"column":null}},"74":{"start":{"line":198,"column":12},"end":{"line":198,"column":41}},"75":{"start":{"line":200,"column":12},"end":{"line":200,"column":24}},"76":{"start":{"line":205,"column":23},"end":{"line":207,"column":10}},"77":{"start":{"line":209,"column":8},"end":{"line":211,"column":null}},"78":{"start":{"line":210,"column":12},"end":{"line":210,"column":24}},"79":{"start":{"line":213,"column":8},"end":{"line":213,"column":21}},"80":{"start":{"line":14,"column":13},"end":{"line":215,"column":null}},"81":{"start":{"line":14,"column":13},"end":{"line":14,"column":26}}},"fnMap":{"0":{"name":"(anonymous_2)","decl":{"start":{"line":18,"column":4},"end":{"line":18,"column":null}},"loc":{"start":{"line":18,"column":4},"end":{"line":20,"column":5}}},"1":{"name":"(anonymous_3)","decl":{"start":{"line":21,"column":4},"end":{"line":21,"column":9}},"loc":{"start":{"line":21,"column":53},"end":{"line":65,"column":5}}},"2":{"name":"(anonymous_4)","decl":{"start":{"line":67,"column":4},"end":{"line":67,"column":9}},"loc":{"start":{"line":67,"column":56},"end":{"line":79,"column":5}}},"3":{"name":"(anonymous_5)","decl":{"start":{"line":81,"column":4},"end":{"line":81,"column":9}},"loc":{"start":{"line":81,"column":39},"end":{"line":87,"column":5}}},"4":{"name":"(anonymous_6)","decl":{"start":{"line":89,"column":4},"end":{"line":89,"column":9}},"loc":{"start":{"line":91,"column":27},"end":{"line":122,"column":5}}},"5":{"name":"(anonymous_7)","decl":{"start":{"line":124,"column":4},"end":{"line":124,"column":9}},"loc":{"start":{"line":127,"column":27},"end":{"line":170,"column":5}}},"6":{"name":"(anonymous_8)","decl":{"start":{"line":172,"column":4},"end":{"line":172,"column":9}},"loc":{"start":{"line":172,"column":54},"end":{"line":185,"column":5}}},"7":{"name":"(anonymous_9)","decl":{"start":{"line":187,"column":4},"end":{"line":187,"column":19}},"loc":{"start":{"line":187,"column":32},"end":{"line":190,"column":5}}},"8":{"name":"(anonymous_10)","decl":{"start":{"line":192,"column":4},"end":{"line":192,"column":9}},"loc":{"start":{"line":193,"column":22},"end":{"line":202,"column":5}}},"9":{"name":"(anonymous_11)","decl":{"start":{"line":204,"column":4},"end":{"line":204,"column":9}},"loc":{"start":{"line":204,"column":47},"end":{"line":214,"column":5}}}},"branchMap":{"0":{"loc":{"start":{"line":22,"column":8},"end":{"line":24,"column":null}},"type":"if","locations":[{"start":{"line":22,"column":8},"end":{"line":24,"column":null}}]},"1":{"loc":{"start":{"line":26,"column":8},"end":{"line":28,"column":null}},"type":"if","locations":[{"start":{"line":26,"column":8},"end":{"line":28,"column":null}}]},"2":{"loc":{"start":{"line":33,"column":8},"end":{"line":37,"column":null}},"type":"if","locations":[{"start":{"line":33,"column":8},"end":{"line":37,"column":null}}]},"3":{"loc":{"start":{"line":39,"column":8},"end":{"line":43,"column":null}},"type":"if","locations":[{"start":{"line":39,"column":8},"end":{"line":43,"column":null}}]},"4":{"loc":{"start":{"line":48,"column":8},"end":{"line":59,"column":null}},"type":"if","locations":[{"start":{"line":48,"column":8},"end":{"line":59,"column":null}},{"start":{"line":55,"column":15},"end":{"line":59,"column":null}}]},"5":{"loc":{"start":{"line":49,"column":12},"end":{"line":50,"column":54}},"type":"binary-expr","locations":[{"start":{"line":49,"column":12},"end":{"line":49,"column":53}},{"start":{"line":50,"column":12},"end":{"line":50,"column":54}}]},"6":{"loc":{"start":{"line":75,"column":8},"end":{"line":77,"column":null}},"type":"if","locations":[{"start":{"line":75,"column":8},"end":{"line":77,"column":null}}]},"7":{"loc":{"start":{"line":97,"column":8},"end":{"line":99,"column":null}},"type":"if","locations":[{"start":{"line":97,"column":8},"end":{"line":99,"column":null}}]},"8":{"loc":{"start":{"line":101,"column":8},"end":{"line":103,"column":null}},"type":"if","locations":[{"start":{"line":101,"column":8},"end":{"line":103,"column":null}}]},"9":{"loc":{"start":{"line":105,"column":8},"end":{"line":108,"column":null}},"type":"if","locations":[{"start":{"line":105,"column":8},"end":{"line":108,"column":null}}]},"10":{"loc":{"start":{"line":132,"column":8},"end":{"line":134,"column":null}},"type":"if","locations":[{"start":{"line":132,"column":8},"end":{"line":134,"column":null}}]},"11":{"loc":{"start":{"line":138,"column":8},"end":{"line":156,"column":null}},"type":"if","locations":[{"start":{"line":138,"column":8},"end":{"line":156,"column":null}}]},"12":{"loc":{"start":{"line":144,"column":12},"end":{"line":155,"column":null}},"type":"if","locations":[{"start":{"line":144,"column":12},"end":{"line":155,"column":null}},{"start":{"line":151,"column":19},"end":{"line":155,"column":null}}]},"13":{"loc":{"start":{"line":145,"column":16},"end":{"line":146,"column":58}},"type":"binary-expr","locations":[{"start":{"line":145,"column":16},"end":{"line":145,"column":57}},{"start":{"line":146,"column":16},"end":{"line":146,"column":58}}]},"14":{"loc":{"start":{"line":158,"column":8},"end":{"line":162,"column":null}},"type":"if","locations":[{"start":{"line":158,"column":8},"end":{"line":162,"column":null}}]},"15":{"loc":{"start":{"line":158,"column":12},"end":{"line":158,"column":71}},"type":"binary-expr","locations":[{"start":{"line":158,"column":12},"end":{"line":158,"column":28}},{"start":{"line":158,"column":32},"end":{"line":158,"column":71}}]},"16":{"loc":{"start":{"line":176,"column":8},"end":{"line":178,"column":null}},"type":"if","locations":[{"start":{"line":176,"column":8},"end":{"line":178,"column":null}}]},"17":{"loc":{"start":{"line":195,"column":8},"end":{"line":201,"column":null}},"type":"if","locations":[{"start":{"line":195,"column":8},"end":{"line":201,"column":null}},{"start":{"line":197,"column":15},"end":{"line":201,"column":null}}]},"18":{"loc":{"start":{"line":197,"column":15},"end":{"line":201,"column":null}},"type":"if","locations":[{"start":{"line":197,"column":15},"end":{"line":201,"column":null}},{"start":{"line":199,"column":15},"end":{"line":201,"column":null}}]},"19":{"loc":{"start":{"line":209,"column":8},"end":{"line":211,"column":null}},"type":"if","locations":[{"start":{"line":209,"column":8},"end":{"line":211,"column":null}}]}},"s":{"0":2,"1":2,"2":2,"3":2,"4":2,"5":2,"6":2,"7":2,"8":2,"9":7,"10":1,"11":6,"12":1,"13":5,"14":5,"15":5,"16":1,"17":4,"18":1,"19":3,"20":3,"21":3,"22":2,"23":2,"24":1,"25":2,"26":2,"27":2,"28":2,"29":2,"30":1,"31":1,"32":2,"33":2,"34":0,"35":3,"36":3,"37":3,"38":0,"39":3,"40":1,"41":3,"42":1,"43":1,"44":3,"45":3,"46":3,"47":3,"48":3,"49":1,"50":2,"51":2,"52":1,"53":1,"54":1,"55":1,"56":1,"57":0,"58":2,"59":0,"60":2,"61":2,"62":2,"63":2,"64":2,"65":1,"66":1,"67":1,"68":1,"69":5,"70":5,"71":4,"72":1,"73":3,"74":2,"75":1,"76":5,"77":5,"78":1,"79":4,"80":2,"81":2},"f":{"0":2,"1":7,"2":2,"3":2,"4":3,"5":3,"6":2,"7":5,"8":4,"9":5},"b":{"0":[1],"1":[1],"2":[1],"3":[1],"4":[2,1],"5":[3,2],"6":[1],"7":[0],"8":[1],"9":[1],"10":[1],"11":[1],"12":[1,0],"13":[1,1],"14":[0],"15":[2,1],"16":[1],"17":[1,3],"18":[2,1],"19":[1]}}
,"C:\\Users\\eliardo.marini_trade\\Desktop\\ProjetosPessoais\\brain-agriculture-service\\brain-agriculture-service\\src\\service\\harvest-service.ts": {"path":"C:\\Users\\eliardo.marini_trade\\Desktop\\ProjetosPessoais\\brain-agriculture-service\\brain-agriculture-service\\src\\service\\harvest-service.ts","statementMap":{"0":{"start":{"line":2,"column":0},"end":{"line":2,"column":33}},"1":{"start":{"line":3,"column":0},"end":{"line":3,"column":56}},"2":{"start":{"line":4,"column":0},"end":{"line":4,"column":69}},"3":{"start":{"line":5,"column":0},"end":{"line":5,"column":51}},"4":{"start":{"line":7,"column":0},"end":{"line":7,"column":45}},"5":{"start":{"line":8,"column":0},"end":{"line":8,"column":42}},"6":{"start":{"line":11,"column":7},"end":{"line":132,"column":null}},"7":{"start":{"line":15,"column":25},"end":{"line":15,"column":38}},"8":{"start":{"line":12,"column":12},"end":{"line":12,"column":41}},"9":{"start":{"line":16,"column":8},"end":{"line":16,"column":70}},"10":{"start":{"line":23,"column":8},"end":{"line":25,"column":null}},"11":{"start":{"line":24,"column":12},"end":{"line":24,"column":61}},"12":{"start":{"line":27,"column":21},"end":{"line":27,"column":72}},"13":{"start":{"line":28,"column":8},"end":{"line":32,"column":null}},"14":{"start":{"line":29,"column":12},"end":{"line":31,"column":14}},"15":{"start":{"line":33,"column":23},"end":{"line":33,"column":60}},"16":{"start":{"line":34,"column":8},"end":{"line":34,"column":27}},"17":{"start":{"line":36,"column":8},"end":{"line":36,"column":76}},"18":{"start":{"line":37,"column":8},"end":{"line":37,"column":51}},"19":{"start":{"line":41,"column":8},"end":{"line":43,"column":10}},"20":{"start":{"line":44,"column":24},"end":{"line":46,"column":10}},"21":{"start":{"line":47,"column":8},"end":{"line":51,"column":null}},"22":{"start":{"line":48,"column":12},"end":{"line":50,"column":14}},"23":{"start":{"line":52,"column":8},"end":{"line":52,"column":23}},"24":{"start":{"line":59,"column":31},"end":{"line":59,"column":33}},"25":{"start":{"line":61,"column":8},"end":{"line":61,"column":57}},"26":{"start":{"line":63,"column":8},"end":{"line":65,"column":null}},"27":{"start":{"line":64,"column":12},"end":{"line":64,"column":60}},"28":{"start":{"line":67,"column":8},"end":{"line":69,"column":null}},"29":{"start":{"line":68,"column":12},"end":{"line":68,"column":70}},"30":{"start":{"line":71,"column":8},"end":{"line":73,"column":null}},"31":{"start":{"line":72,"column":12},"end":{"line":72,"column":64}},"32":{"start":{"line":75,"column":8},"end":{"line":80,"column":null}},"33":{"start":{"line":76,"column":12},"end":{"line":79,"column":14}},"34":{"start":{"line":81,"column":8},"end":{"line":85,"column":10}},"35":{"start":{"line":87,"column":21},"end":{"line":87,"column":52}},"36":{"start":{"line":88,"column":8},"end":{"line":92,"column":11}},"37":{"start":{"line":100,"column":24},"end":{"line":102,"column":10}},"38":{"start":{"line":103,"column":8},"end":{"line":107,"column":null}},"39":{"start":{"line":104,"column":12},"end":{"line":106,"column":14}},"40":{"start":{"line":108,"column":8},"end":{"line":108,"column":69}},"41":{"start":{"line":110,"column":8},"end":{"line":112,"column":10}},"42":{"start":{"line":113,"column":8},"end":{"line":113,"column":76}},"43":{"start":{"line":117,"column":24},"end":{"line":119,"column":10}},"44":{"start":{"line":120,"column":8},"end":{"line":124,"column":null}},"45":{"start":{"line":121,"column":12},"end":{"line":123,"column":14}},"46":{"start":{"line":125,"column":8},"end":{"line":125,"column":74}},"47":{"start":{"line":127,"column":8},"end":{"line":129,"column":10}},"48":{"start":{"line":130,"column":8},"end":{"line":130,"column":76}},"49":{"start":{"line":11,"column":13},"end":{"line":132,"column":null}},"50":{"start":{"line":11,"column":13},"end":{"line":11,"column":27}}},"fnMap":{"0":{"name":"(anonymous_2)","decl":{"start":{"line":15,"column":4},"end":{"line":15,"column":25}},"loc":{"start":{"line":15,"column":49},"end":{"line":17,"column":5}}},"1":{"name":"(anonymous_3)","decl":{"start":{"line":19,"column":4},"end":{"line":19,"column":9}},"loc":{"start":{"line":21,"column":27},"end":{"line":38,"column":5}}},"2":{"name":"(anonymous_4)","decl":{"start":{"line":40,"column":4},"end":{"line":40,"column":9}},"loc":{"start":{"line":40,"column":57},"end":{"line":53,"column":5}}},"3":{"name":"(anonymous_5)","decl":{"start":{"line":55,"column":4},"end":{"line":55,"column":9}},"loc":{"start":{"line":57,"column":27},"end":{"line":93,"column":5}}},"4":{"name":"(anonymous_6)","decl":{"start":{"line":95,"column":4},"end":{"line":95,"column":9}},"loc":{"start":{"line":98,"column":27},"end":{"line":114,"column":5}}},"5":{"name":"(anonymous_7)","decl":{"start":{"line":116,"column":4},"end":{"line":116,"column":9}},"loc":{"start":{"line":116,"column":55},"end":{"line":131,"column":5}}}},"branchMap":{"0":{"loc":{"start":{"line":23,"column":8},"end":{"line":25,"column":null}},"type":"if","locations":[{"start":{"line":23,"column":8},"end":{"line":25,"column":null}}]},"1":{"loc":{"start":{"line":28,"column":8},"end":{"line":32,"column":null}},"type":"if","locations":[{"start":{"line":28,"column":8},"end":{"line":32,"column":null}}]},"2":{"loc":{"start":{"line":47,"column":8},"end":{"line":51,"column":null}},"type":"if","locations":[{"start":{"line":47,"column":8},"end":{"line":51,"column":null}}]},"3":{"loc":{"start":{"line":63,"column":8},"end":{"line":65,"column":null}},"type":"if","locations":[{"start":{"line":63,"column":8},"end":{"line":65,"column":null}}]},"4":{"loc":{"start":{"line":67,"column":8},"end":{"line":69,"column":null}},"type":"if","locations":[{"start":{"line":67,"column":8},"end":{"line":69,"column":null}}]},"5":{"loc":{"start":{"line":71,"column":8},"end":{"line":73,"column":null}},"type":"if","locations":[{"start":{"line":71,"column":8},"end":{"line":73,"column":null}}]},"6":{"loc":{"start":{"line":75,"column":8},"end":{"line":80,"column":null}},"type":"if","locations":[{"start":{"line":75,"column":8},"end":{"line":80,"column":null}}]},"7":{"loc":{"start":{"line":103,"column":8},"end":{"line":107,"column":null}},"type":"if","locations":[{"start":{"line":103,"column":8},"end":{"line":107,"column":null}}]},"8":{"loc":{"start":{"line":120,"column":8},"end":{"line":124,"column":null}},"type":"if","locations":[{"start":{"line":120,"column":8},"end":{"line":124,"column":null}}]}},"s":{"0":2,"1":2,"2":2,"3":2,"4":2,"5":2,"6":2,"7":0,"8":0,"9":0,"10":0,"11":0,"12":0,"13":0,"14":0,"15":0,"16":0,"17":0,"18":0,"19":0,"20":0,"21":0,"22":0,"23":0,"24":0,"25":0,"26":0,"27":0,"28":0,"29":0,"30":0,"31":0,"32":0,"33":0,"34":0,"35":0,"36":0,"37":0,"38":0,"39":0,"40":0,"41":0,"42":0,"43":0,"44":0,"45":0,"46":0,"47":0,"48":0,"49":2,"50":2},"f":{"0":0,"1":0,"2":0,"3":0,"4":0,"5":0},"b":{"0":[0],"1":[0],"2":[0],"3":[0],"4":[0],"5":[0],"6":[0],"7":[0],"8":[0]}}
}
