TN:
SF:src\app.ts
FNF:0
FNH:0
DA:1,2
DA:2,2
DA:3,2
DA:4,2
DA:5,2
DA:7,2
DA:8,2
DA:10,2
DA:11,2
DA:16,2
LF:10
LH:10
BRF:0
BRH:0
end_of_record
TN:
SF:src\controller\farm-controller.ts
FN:32,(anonymous_4)
FN:42,(anonymous_5)
FN:81,(anonymous_6)
FN:121,(anonymous_7)
FN:151,(anonymous_8)
FN:188,(anonymous_9)
FN:213,(anonymous_10)
FN:253,(anonymous_11)
FNF:8
FNH:8
FNDA:1,(anonymous_4)
FNDA:4,(anonymous_5)
FNDA:1,(anonymous_6)
FNDA:1,(anonymous_7)
FNDA:1,(anonymous_8)
FNDA:2,(anonymous_9)
FNDA:2,(anonymous_10)
FNDA:2,(anonymous_11)
DA:1,2
DA:15,2
DA:16,2
DA:17,2
DA:18,2
DA:19,2
DA:20,2
DA:21,2
DA:22,2
DA:23,2
DA:29,2
DA:30,1
DA:32,1
DA:42,2
DA:46,4
DA:47,4
DA:48,4
DA:49,4
DA:50,1
DA:51,1
DA:52,1
DA:54,3
DA:59,3
DA:60,3
DA:81,2
DA:84,1
DA:85,1
DA:86,1
DA:87,1
DA:88,1
DA:89,1
DA:93,1
DA:94,1
DA:101,0
DA:108,0
DA:121,2
DA:124,1
DA:125,1
DA:126,1
DA:127,1
DA:128,1
DA:129,1
DA:131,0
DA:138,0
DA:151,2
DA:154,1
DA:155,1
DA:158,1
DA:159,1
DA:162,1
DA:165,1
DA:167,0
DA:174,0
DA:188,2
DA:189,2
DA:190,2
DA:191,0
DA:193,2
DA:194,2
DA:195,1
DA:197,1
DA:198,1
DA:213,2
DA:218,2
DA:219,2
DA:223,2
DA:224,2
DA:229,1
DA:232,1
DA:234,1
DA:237,1
DA:238,1
DA:253,2
DA:257,2
DA:258,2
DA:261,2
DA:262,2
DA:263,1
DA:266,1
DA:268,1
DA:271,1
DA:272,1
LF:82
LH:75
BRDA:59,0,0,3
BRDA:59,0,1,3
BRDA:61,1,0,3
BRDA:61,1,1,3
BRDA:87,2,0,0
BRDA:87,2,1,1
BRDA:87,3,0,1
BRDA:87,3,1,0
BRDA:88,4,0,0
BRDA:88,4,1,1
BRDA:88,5,0,1
BRDA:88,5,1,0
BRDA:190,6,0,0
BRDA:197,7,0,1
BRDA:197,7,1,1
BRDA:199,8,0,1
BRDA:199,8,1,1
BRDA:237,9,0,1
BRDA:237,9,1,1
BRDA:239,10,0,1
BRDA:239,10,1,1
BRDA:271,11,0,1
BRDA:271,11,1,1
BRDA:273,12,0,1
BRDA:273,12,1,1
BRF:25
BRH:20
end_of_record
TN:
SF:src\controller\farmer-controller.ts
FN:27,(anonymous_4)
FN:37,(anonymous_5)
FN:74,(anonymous_6)
FN:118,(anonymous_7)
FN:140,(anonymous_8)
FN:180,(anonymous_9)
FNF:6
FNH:6
FNDA:1,(anonymous_4)
FNDA:7,(anonymous_5)
FNDA:3,(anonymous_6)
FNDA:2,(anonymous_7)
FNDA:3,(anonymous_8)
FNDA:2,(anonymous_9)
DA:1,2
DA:13,2
DA:14,2
DA:15,2
DA:16,2
DA:17,2
DA:18,2
DA:19,2
DA:20,2
DA:21,2
DA:25,2
DA:26,1
DA:27,1
DA:37,2
DA:41,7
DA:42,7
DA:43,7
DA:44,7
DA:48,2
DA:49,2
DA:50,2
DA:52,5
DA:55,5
DA:56,5
DA:74,2
DA:78,3
DA:79,3
DA:80,3
DA:81,3
DA:82,3
DA:83,3
DA:87,3
DA:88,3
DA:95,0
DA:102,0
DA:103,0
DA:118,2
DA:119,2
DA:120,2
DA:121,2
DA:122,1
DA:124,1
DA:125,1
DA:140,2
DA:145,3
DA:146,3
DA:150,3
DA:151,3
DA:156,2
DA:159,2
DA:161,1
DA:164,1
DA:165,1
DA:180,2
DA:184,2
DA:185,2
DA:188,2
DA:189,2
DA:190,1
DA:193,1
DA:195,1
DA:198,1
DA:199,1
LF:63
LH:60
BRDA:55,0,0,5
BRDA:55,0,1,5
BRDA:57,1,0,5
BRDA:57,1,1,5
BRDA:81,2,0,0
BRDA:81,2,1,3
BRDA:81,3,0,3
BRDA:81,3,1,0
BRDA:82,4,0,0
BRDA:82,4,1,3
BRDA:82,5,0,3
BRDA:82,5,1,0
BRDA:102,6,0,0
BRDA:102,6,1,0
BRDA:104,7,0,0
BRDA:104,7,1,0
BRDA:124,8,0,1
BRDA:124,8,1,1
BRDA:126,9,0,1
BRDA:126,9,1,1
BRDA:164,10,0,1
BRDA:164,10,1,1
BRDA:166,11,0,1
BRDA:166,11,1,1
BRDA:198,12,0,1
BRDA:198,12,1,1
BRDA:200,13,0,1
BRDA:200,13,1,1
BRF:28
BRH:20
end_of_record
TN:
SF:src\controller\harvest-controller.ts
FN:27,(anonymous_4)
FN:37,(anonymous_5)
FN:78,(anonymous_6)
FN:119,(anonymous_7)
FN:132,(anonymous_8)
FN:172,(anonymous_9)
FNF:6
FNH:0
FNDA:0,(anonymous_4)
FNDA:0,(anonymous_5)
FNDA:0,(anonymous_6)
FNDA:0,(anonymous_7)
FNDA:0,(anonymous_8)
FNDA:0,(anonymous_9)
DA:1,2
DA:13,2
DA:14,2
DA:15,2
DA:16,2
DA:17,2
DA:18,2
DA:19,2
DA:20,2
DA:24,2
DA:25,0
DA:27,0
DA:37,2
DA:41,0
DA:42,0
DA:43,0
DA:44,0
DA:48,0
DA:49,0
DA:50,0
DA:52,0
DA:57,0
DA:58,0
DA:78,2
DA:81,0
DA:82,0
DA:83,0
DA:84,0
DA:85,0
DA:86,0
DA:90,0
DA:91,0
DA:98,0
DA:105,0
DA:119,2
DA:120,0
DA:121,0
DA:122,0
DA:132,2
DA:137,0
DA:138,0
DA:142,0
DA:143,0
DA:148,0
DA:151,0
DA:153,0
DA:156,0
DA:157,0
DA:172,2
DA:176,0
DA:177,0
DA:180,0
DA:181,0
DA:182,0
DA:185,0
DA:187,0
DA:190,0
DA:191,0
LF:58
LH:15
BRDA:57,0,0,0
BRDA:57,0,1,0
BRDA:59,1,0,0
BRDA:59,1,1,0
BRDA:84,2,0,0
BRDA:84,2,1,0
BRDA:84,3,0,0
BRDA:84,3,1,0
BRDA:85,4,0,0
BRDA:85,4,1,0
BRDA:85,5,0,0
BRDA:85,5,1,0
BRDA:156,6,0,0
BRDA:156,6,1,0
BRDA:158,7,0,0
BRDA:158,7,1,0
BRDA:190,8,0,0
BRDA:190,8,1,0
BRDA:192,9,0,0
BRDA:192,9,1,0
BRF:20
BRH:0
end_of_record
TN:
SF:src\database\data-source.ts
FNF:0
FNH:0
DA:1,2
DA:2,2
DA:3,2
DA:4,2
DA:5,2
DA:6,2
DA:7,2
DA:9,2
DA:22,2
LF:9
LH:9
BRF:0
BRH:0
end_of_record
TN:
SF:src\database\migrations\1735519197062-InitialCreateTables.ts
FN:5,(anonymous_0)
FN:191,(anonymous_1)
FNF:2
FNH:0
FNDA:0,(anonymous_0)
FNDA:0,(anonymous_1)
DA:1,2
DA:3,2
DA:6,0
DA:56,0
DA:132,0
DA:193,0
DA:194,0
DA:195,0
LF:8
LH:2
BRF:0
BRH:0
end_of_record
TN:
SF:src\entity\base-entity.ts
FNF:0
FNH:0
DA:1,2
DA:8,2
DA:9,2
DA:14,2
DA:22,2
DA:30,2
LF:6
LH:6
BRF:0
BRH:0
end_of_record
TN:
SF:src\entity\farm-entity.ts
FN:24,(anonymous_2)
FN:25,(anonymous_3)
FN:38,(anonymous_4)
FN:39,(anonymous_5)
FN:52,(anonymous_6)
FN:53,(anonymous_7)
FN:59,(anonymous_8)
FN:59,(anonymous_9)
FN:67,(anonymous_10)
FN:67,(anonymous_11)
FNF:10
FNH:10
FNDA:11,(anonymous_2)
FNDA:9,(anonymous_3)
FNDA:11,(anonymous_4)
FNDA:9,(anonymous_5)
FNDA:11,(anonymous_6)
FNDA:9,(anonymous_7)
FNDA:2,(anonymous_8)
FNDA:2,(anonymous_9)
FNDA:2,(anonymous_10)
FNDA:2,(anonymous_11)
DA:1,2
DA:2,2
DA:3,2
DA:4,2
DA:7,2
DA:8,2
DA:11,2
DA:14,2
DA:17,2
DA:24,11
DA:26,9
DA:31,2
DA:38,11
DA:40,9
DA:45,2
DA:52,11
DA:54,9
DA:59,2
DA:67,2
LF:19
LH:19
BRDA:26,0,0,8
BRDA:26,0,1,1
BRDA:40,1,0,8
BRDA:40,1,1,1
BRDA:54,2,0,8
BRDA:54,2,1,1
BRF:6
BRH:6
end_of_record
TN:
SF:src\entity\farmer-entity.ts
FN:18,(anonymous_2)
FN:19,(anonymous_3)
FN:33,(anonymous_4)
FN:33,(anonymous_5)
FNF:4
FNH:4
FNDA:11,(anonymous_2)
FNDA:13,(anonymous_3)
FNDA:2,(anonymous_4)
FNDA:2,(anonymous_5)
DA:1,2
DA:2,2
DA:3,2
DA:7,2
DA:8,2
DA:11,2
DA:14,2
DA:18,11
DA:20,13
DA:25,2
DA:33,2
LF:11
LH:11
BRDA:20,0,0,12
BRDA:20,0,1,1
BRF:2
BRH:2
end_of_record
TN:
SF:src\entity\harvest-entity.ts
FN:16,(anonymous_2)
FN:16,(anonymous_3)
FNF:2
FNH:2
FNDA:2,(anonymous_2)
FNDA:2,(anonymous_3)
DA:1,2
DA:2,2
DA:3,2
DA:6,2
DA:7,2
DA:10,2
DA:13,2
DA:16,2
LF:8
LH:8
BRF:0
BRH:0
end_of_record
TN:
SF:src\entity\enum\document-type-enum.ts
FN:3,(anonymous_0)
FN:8,(anonymous_1)
FNF:2
FNH:2
FNDA:2,(anonymous_0)
FNDA:3,(anonymous_1)
DA:1,2
DA:3,2
DA:4,2
DA:5,2
DA:8,2
DA:9,3
DA:10,3
DA:11,3
DA:13,3
DA:15,1
DA:17,2
DA:19,0
LF:12
LH:11
BRDA:3,0,0,2
BRDA:3,0,1,2
BRDA:10,1,0,3
BRDA:13,2,0,1
BRDA:13,2,1,2
BRDA:13,2,2,0
BRF:6
BRH:5
end_of_record
TN:
SF:src\model\farm-filter-model.ts
FNF:0
FNH:0
DA:1,2
LF:1
LH:1
BRF:0
BRH:0
end_of_record
TN:
SF:src\model\farmer-filter-model.ts
FNF:0
FNH:0
DA:1,2
LF:1
LH:1
BRF:0
BRH:0
end_of_record
TN:
SF:src\model\harvest-filter-model.ts
FNF:0
FNH:0
DA:1,2
LF:1
LH:1
BRF:0
BRH:0
end_of_record
TN:
SF:src\model\paging-result-model.ts
FN:2,(anonymous_0)
FNF:1
FNH:1
FNDA:4,(anonymous_0)
DA:1,2
DA:8,4
DA:9,4
DA:10,4
DA:11,4
LF:5
LH:5
BRF:0
BRH:0
end_of_record
TN:
SF:src\model\response-model.ts
FN:2,(anonymous_0)
FNF:1
FNH:1
FNDA:26,(anonymous_0)
DA:1,2
DA:3,26
DA:4,12
DA:6,14
DA:7,0
DA:9,14
DA:10,14
DA:13,26
LF:8
LH:7
BRDA:3,0,0,12
BRDA:3,0,1,14
BRDA:6,1,0,0
BRDA:6,1,1,14
BRF:4
BRH:3
end_of_record
TN:
SF:src\service\farm-service.ts
FN:18,(anonymous_2)
FN:22,(anonymous_3)
FN:48,(anonymous_4)
FN:62,(anonymous_5)
FN:105,(anonymous_6)
FN:109,(anonymous_7)
FN:138,(anonymous_8)
FN:153,(anonymous_9)
FN:164,(anonymous_10)
FN:181,(anonymous_11)
FNF:10
FNH:9
FNDA:1,(anonymous_2)
FNDA:4,(anonymous_3)
FNDA:2,(anonymous_4)
FNDA:1,(anonymous_5)
FNDA:0,(anonymous_6)
FNDA:2,(anonymous_7)
FNDA:2,(anonymous_8)
FNDA:6,(anonymous_9)
FNDA:1,(anonymous_10)
FNDA:1,(anonymous_11)
DA:2,2
DA:3,2
DA:4,2
DA:6,2
DA:7,2
DA:8,2
DA:13,2
DA:14,1
DA:18,1
DA:19,1
DA:23,4
DA:24,4
DA:25,1
DA:30,3
DA:31,1
DA:33,2
DA:34,2
DA:35,1
DA:38,1
DA:42,1
DA:43,1
DA:45,1
DA:49,2
DA:52,2
DA:56,2
DA:57,1
DA:59,1
DA:66,1
DA:68,1
DA:70,1
DA:71,0
DA:74,1
DA:75,0
DA:78,1
DA:79,0
DA:82,1
DA:83,0
DA:86,1
DA:87,0
DA:90,1
DA:92,1
DA:97,1
DA:106,0
DA:114,2
DA:117,2
DA:118,0
DA:121,2
DA:122,2
DA:123,2
DA:124,1
DA:130,1
DA:132,1
DA:135,1
DA:139,2
DA:142,2
DA:143,1
DA:145,1
DA:147,1
DA:150,1
DA:154,6
DA:158,2
DA:161,4
DA:165,1
DA:167,1
DA:177,1
DA:178,1
DA:182,1
DA:184,1
DA:196,1
DA:197,1
LF:70
LH:63
BRDA:24,0,0,1
BRDA:30,1,0,1
BRDA:34,2,0,1
BRDA:56,3,0,1
BRDA:70,4,0,0
BRDA:74,5,0,0
BRDA:78,6,0,0
BRDA:82,7,0,0
BRDA:86,8,0,0
BRDA:117,9,0,0
BRDA:121,10,0,2
BRDA:121,11,0,2
BRDA:121,11,1,0
BRDA:121,11,2,0
BRDA:123,12,0,1
BRDA:142,13,0,1
BRDA:154,14,0,2
BRF:17
BRH:9
end_of_record
TN:
SF:src\service\farmer-service.ts
FN:18,(anonymous_2)
FN:21,(anonymous_3)
FN:67,(anonymous_4)
FN:81,(anonymous_5)
FN:89,(anonymous_6)
FN:124,(anonymous_7)
FN:172,(anonymous_8)
FN:187,(anonymous_9)
FN:192,(anonymous_10)
FN:204,(anonymous_11)
FNF:10
FNH:10
FNDA:2,(anonymous_2)
FNDA:7,(anonymous_3)
FNDA:2,(anonymous_4)
FNDA:2,(anonymous_5)
FNDA:3,(anonymous_6)
FNDA:3,(anonymous_7)
FNDA:2,(anonymous_8)
FNDA:5,(anonymous_9)
FNDA:4,(anonymous_10)
FNDA:5,(anonymous_11)
DA:2,2
DA:3,2
DA:4,2
DA:5,2
DA:6,2
DA:11,2
DA:14,2
DA:15,2
DA:19,2
DA:22,7
DA:23,1
DA:26,6
DA:27,1
DA:30,5
DA:32,5
DA:33,5
DA:34,1
DA:39,4
DA:40,1
DA:45,3
DA:46,3
DA:48,3
DA:52,2
DA:53,2
DA:56,1
DA:61,2
DA:64,2
DA:68,2
DA:71,2
DA:75,2
DA:76,1
DA:78,1
DA:82,2
DA:83,2
DA:85,0
DA:93,3
DA:95,3
DA:97,3
DA:98,0
DA:101,3
DA:102,1
DA:105,3
DA:106,1
DA:107,1
DA:110,3
DA:116,3
DA:117,3
DA:129,3
DA:132,3
DA:133,1
DA:136,2
DA:138,2
DA:139,1
DA:140,1
DA:144,1
DA:148,1
DA:149,1
DA:152,0
DA:158,2
DA:159,0
DA:164,2
DA:166,2
DA:169,2
DA:173,2
DA:176,2
DA:177,1
DA:179,1
DA:181,1
DA:184,1
DA:188,5
DA:189,5
DA:195,4
DA:196,1
DA:197,3
DA:198,2
DA:200,1
DA:205,5
DA:209,5
DA:210,1
DA:213,4
LF:80
LH:76
BRDA:22,0,0,1
BRDA:26,1,0,1
BRDA:33,2,0,1
BRDA:39,3,0,1
BRDA:48,4,0,2
BRDA:48,4,1,1
BRDA:49,5,0,3
BRDA:49,5,1,2
BRDA:75,6,0,1
BRDA:97,7,0,0
BRDA:101,8,0,1
BRDA:105,9,0,1
BRDA:132,10,0,1
BRDA:138,11,0,1
BRDA:144,12,0,1
BRDA:144,12,1,0
BRDA:145,13,0,1
BRDA:145,13,1,1
BRDA:158,14,0,0
BRDA:158,15,0,2
BRDA:158,15,1,1
BRDA:176,16,0,1
BRDA:195,17,0,1
BRDA:195,17,1,3
BRDA:197,18,0,2
BRDA:197,18,1,1
BRDA:209,19,0,1
BRF:27
BRH:24
end_of_record
TN:
SF:src\service\harvest-service.ts
FN:15,(anonymous_2)
FN:19,(anonymous_3)
FN:40,(anonymous_4)
FN:55,(anonymous_5)
FN:95,(anonymous_6)
FN:116,(anonymous_7)
FNF:6
FNH:0
FNDA:0,(anonymous_2)
FNDA:0,(anonymous_3)
FNDA:0,(anonymous_4)
FNDA:0,(anonymous_5)
FNDA:0,(anonymous_6)
FNDA:0,(anonymous_7)
DA:2,2
DA:3,2
DA:4,2
DA:5,2
DA:7,2
DA:8,2
DA:11,2
DA:12,0
DA:15,0
DA:16,0
DA:23,0
DA:24,0
DA:27,0
DA:28,0
DA:29,0
DA:33,0
DA:34,0
DA:36,0
DA:37,0
DA:41,0
DA:44,0
DA:47,0
DA:48,0
DA:52,0
DA:59,0
DA:61,0
DA:63,0
DA:64,0
DA:67,0
DA:68,0
DA:71,0
DA:72,0
DA:75,0
DA:76,0
DA:81,0
DA:87,0
DA:88,0
DA:100,0
DA:103,0
DA:104,0
DA:108,0
DA:110,0
DA:113,0
DA:117,0
DA:120,0
DA:121,0
DA:125,0
DA:127,0
DA:130,0
LF:49
LH:7
BRDA:23,0,0,0
BRDA:28,1,0,0
BRDA:47,2,0,0
BRDA:63,3,0,0
BRDA:67,4,0,0
BRDA:71,5,0,0
BRDA:75,6,0,0
BRDA:103,7,0,0
BRDA:120,8,0,0
BRF:9
BRH:0
end_of_record
